-3.67617 -3.72217
-3.65469 -3.69998
-3.69282 -3.73929
-3.66662 -3.71704
-3.66154 -3.70834
-3.66906 -3.72011
-3.65893 -3.70286
-3.67677 -3.72522
-3.67339 -3.71985
-3.65212 -3.69313
-3.67697 -3.72733
-3.56983 -3.60359
-3.69621 -3.74311
-3.67223 -3.7239
-3.66338 -3.71322
-3.67371 -3.72557
-3.66398 -3.7087
-3.68155 -3.73092
-3.67845 -3.72633
-3.65503 -3.69499
-3.35131 -3.25898
-1.0785 -0.973279
-1.0499 -0.937177
-1.08833 -0.881628
-1.0588 -0.9531
-1.13855 -0.853403
-1.05809 -0.911324
-1.06902 -0.89709
-1.08833 -0.881628
-1.04985 -0.924054
-1.15506 -0.840962
-3.58778 -3.55513
-3.58941 -3.62415
0.970557 1.03689
-2.96186 -2.97203
-3.63417 -3.64291
-3.09366 -3.10231
-3.61265 -3.56841
-3.67697 -3.72733
-3.41009 -3.39156
-2.85699 -2.88624
-3.69733 -3.70893
-3.58748 -3.53803
-2.96615 -2.89142
-3.21916 -3.24546
-3.58962 -3.63501
-3.20355 -3.16058
-3.65199 -3.64668
-3.04851 -3.0181
-3.23063 -3.1732
-2.83788 -2.79167
-2.54059 -2.61798
-3.32386 -3.28871
-3.32093 -3.35452
-3.08244 -3.11211
-3.59847 -3.55396
-3.49666 -3.43451
-3.35032 -3.36646
-3.32971 -3.18448
-3.5635 -3.61563
-3.13901 -3.05345
-3.05715 -3.01607
-3.357 -3.33814
-3.62894 -3.67211
-3.37948 -3.39108
-3.63921 -3.67754
-3.1837 -3.06017
-3.43205 -3.45029
-3.56831 -3.62128
-3.42288 -3.41718
-3.48798 -3.52025
-3.45486 -3.50213
-3.66398 -3.7087
-3.68182 -3.72875
-3.34125 -3.21635
-3.63324 -3.66853
-3.36659 -3.36127
-3.68368 -3.72031
-3.22113 -3.24626
-3.06343 -3.0213
-3.64229 -3.64392
-3.69587 -3.73348
-3.48743 -3.42663
-3.34685 -3.35326
-3.55201 -3.56986
-3.64313 -3.64554
-3.05555 -3.11421
-3.25658 -3.23665
-3.65501 -3.65585
-3.31396 -3.27473
-3.55341 -3.60484
-3.58186 -3.636
-3.25077 -3.21083
-3.62756 -3.58176
-3.63809 -3.6734
-3.64134 -3.68084
-2.90052 -2.79957
-2.942 -2.82609
-3.65041 -3.64558
-3.68928 -3.7321
-0.138072 -0.113003
-3.50356 -3.41118
-3.59321 -3.62527
-3.64656 -3.62833
-2.95386 -2.87574
-3.3453 -3.34389
-3.45409 -3.46227
-3.65503 -3.69499
-3.64346 -3.63064
-3.62964 -3.61957
-3.3429 -3.34883
-2.92155 -2.91212
-3.00519 -3.02724
-3.06149 -3.03866
-3.54919 -3.416
-3.33156 -3.30293
-3.39063 -3.24769
-3.62582 -3.66797
-3.59393 -3.62374
-3.62554 -3.62845
-3.45922 -3.3739
-3.32687 -3.3603
-2.88098 -2.79508
-3.55294 -3.59374
-3.39144 -3.41767
-3.61169 -3.58046
-3.44363 -3.46283
-3.35966 -3.30688
-3.2422 -3.22499
-3.29985 -3.33931
-2.90833 -2.86716
-3.66027 -3.7137
-3.67223 -3.7239
-3.57218 -3.53158
-3.67989 -3.7236
-3.58152 -3.58187
-3.34199 -3.31389
-3.64935 -3.6867
-3.54592 -3.59616
-3.61253 -3.60307
-3.65898 -3.70976
-3.10162 -3.12046
-3.23256 -3.23568
-3.1231 -3.04876
-3.15815 -3.07704
-2.36008 -2.39015
-3.69614 -3.7497
-3.13002 -3.07888
-3.5192 -3.4379
-3.43789 -3.34759
-3.23492 -3.26533
-3.12348 -3.10553
-3.42366 -3.37469
-3.43924 -3.46595
-3.63787 -3.67311
-3.62018 -3.57116
-3.45679 -3.37521
-3.40882 -3.38794
-3.18582 -3.17334
-2.88879 -2.91927
-3.49033 -3.48671
-3.63066 -3.58663
-3.36356 -3.37049
-3.64577 -3.68695
-3.21046 -3.24341
-2.75154 -2.76488
-3.52266 -3.40904
-3.28072 -3.28172
-3.60117 -3.55204
-3.18713 -3.1695
-3.51452 -3.43276
-3.64871 -3.64734
-2.67192 -2.67132
-3.61926 -3.65108
-3.57856 -3.60264
-3.62391 -3.65929
-3.29286 -3.25762
-3.27633 -3.28017
-3.46974 -3.48305
-3.66616 -3.72179
-3.6085 -3.5614
-3.45512 -3.4593
-3.59401 -3.5902
-3.27528 -3.25448
-3.03332 -3.00815
-3.66113 -3.71234
-3.59576 -3.62901
-3.67371 -3.72557
-3.551 -3.4644
-3.62731 -3.6741
-3.53503 -3.39678
-3.62777 -3.67597
-3.28997 -3.26035
-3.32707 -3.36069
-3.27615 -3.24052
-3.69734 -3.74313
-3.60826 -3.55916
-3.43739 -3.45622
-3.52007 -3.4988
-3.23473 -3.26595
-2.97088 -2.95847
-3.58568 -3.61908
-3.54234 -3.45058
-3.30102 -3.29057
-3.16609 -3.19601
-3.56984 -3.60359
-3.61888 -3.57341
-3.4248 -3.46986
-3.35946 -3.43811
-3.45077 -3.40796
-3.63791 -3.63212
-3.3472 -3.34376
-3.35734 -3.36468
-3.55818 -3.59242
-3.68428 -3.73838
-3.62905 -3.62632
-3.41999 -3.45168
-3.62559 -3.59378
-3.58752 -3.6416
-3.68155 -3.73092
-3.63025 -3.63364
2.56496 2.68683
-3.10275 -3.13215
-3.33833 -3.35016
-2.73923 -2.78197
-3.34281 -3.35111
-2.92119 -2.9243
-2.7869 -2.72906
-3.5196 -3.48505
-3.64051 -3.63135
-3.65115 -3.70059
-3.60109 -3.54808
-2.94777 -2.94731
-2.90185 -2.83474
-3.65013 -3.6945
-3.64464 -3.63816
-3.31374 -3.18115
-3.27065 -3.27532
-3.64646 -3.6288
-3.34831 -3.34824
-3.62746 -3.67187
-3.21189 -3.17065
-3.33646 -3.37016
-3.13455 -3.08368
-3.68181 -3.72294
-2.98733 -2.88358
-3.33259 -3.35384
-3.63891 -3.62015
-3.23612 -3.28297
-3.47519 -3.42092
-3.09839 -3.02077
-3.6416 -3.64351
-3.53769 -3.54487
-3.40515 -3.38896
-3.56059 -3.54993
-3.11073 -3.11563
-3.59781 -3.63142
-2.7504 -2.7104
-2.98866 -2.9109
-1.7979 -1.91107
-3.5628 -3.58129
-3.55571 -3.5721
-3.25219 -3.28321
-3.61047 -3.558
-3.34896 -3.37811
-3.44 -3.30455
-3.31253 -3.32421
-3.4333 -3.44963
-3.59549 -3.59238
-3.12212 -3.07979
-3.58495 -3.59733
-3.64054 -3.68701
-3.66708 -3.71681
-3.57453 -3.57396
-3.33938 -3.34832
-3.53832 -3.59061
-3.10414 -3.06671
-3.4516 -3.47018
-3.58455 -3.58331
-3.44453 -3.43229
-3.50669 -3.53655
-3.68966 -3.73235
-3.21725 -3.15512
-3.44777 -3.4398
-3.25791 -3.20292
-3.29597 -3.14424
-3.60906 -3.64275
-3.30405 -3.33777
-2.9172 -2.9141
-3.58686 -3.6017
-3.32756 -3.29877
-3.66859 -3.71794
-3.54179 -3.54319
-3.24735 -3.26334
1.44665 1.44223
-3.58414 -3.63808
-3.67845 -3.72633
-3.4424 -3.4831
-3.68155 -3.68711
-3.25661 -3.23563
-3.63655 -3.69136
-3.44294 -3.31208
-2.85921 -2.85612
-3.64304 -3.64554
-3.44371 -3.46608
-3.25663 -3.19842
-3.34386 -3.42295
-3.60367 -3.63698
-3.64406 -3.69255
-3.68888 -3.73146
-2.67218 -2.63488
-3.66338 -3.71322
-3.34263 -3.31246
-3.15094 -3.12473
-3.44269 -3.4202
-3.54138 -3.59343
-3.41941 -3.40247
-2.91887 -2.87751
-3.26184 -3.27838
-3.42707 -3.45336
-3.66822 -3.71628
-3.53494 -3.49921
-3.43135 -3.41777
-3.45344 -3.35263
0.0882769 0.196411
-3.58712 -3.58004
-3.5185 -3.54723
-3.34166 -3.32232
-3.63643 -3.62558
-3.55656 -3.57449
-3.66667 -3.66703
-3.5057 -3.50983
-3.12062 -3.13857
-3.03187 -3.03912
-3.69621 -3.74311
-3.46831 -3.40529
-0.752901 -0.86274
-3.24527 -3.28322
-3.3713 -3.42524
-3.63809 -3.68296
-3.58278 -3.57482
-3.44816 -3.35462
-3.65989 -3.65866
-2.42027 -2.48487
-3.60597 -3.63861
-3.50698 -3.38951
-3.50726 -3.54863
-2.73864 -2.74839
-2.91246 -2.82584
-3.68904 -3.73184
-3.64563 -3.70087
-3.65951 -3.66029
-3.55364 -3.59416
-3.57854 -3.5342
-3.34862 -3.32235
-1.59247 -1.66898
-3.24451 -3.19981
-3.2032 -3.24049
-3.57805 -3.61264
-3.32356 -3.28233
-3.42714 -3.37077
-3.61833 -3.5979
-2.71893 -2.67493
-3.41871 -3.40265
-3.37116 -3.37896
-3.14447 -3.15587
-3.20218 -3.1524
-3.50899 -3.46016
-3.56005 -3.50203
-3.59423 -3.58844
-3.65042 -3.65611
-3.58636 -3.64025
-3.00675 -2.91933
-3.42644 -3.41062
-3.64389 -3.64711
-3.20525 -3.17977
-3.64159 -3.68
-3.64209 -3.64398
-3.68869 -3.73195
-3.58961 -3.55064
-3.62209 -3.57633
-3.6055 -3.64519
-3.17379 -3.11063
-3.01761 -2.89892
-3.33352 -3.27345
-3.12695 -3.08551
-3.48013 -3.47878
-2.86742 -2.79265
-3.68895 -3.73557
-3.48342 -3.41818
-3.58469 -3.63864
-3.33932 -3.34466
-3.65363 -3.64107
-3.58975 -3.62251
-3.60319 -3.6433
-3.67275 -3.71531
-3.69625 -3.73765
-3.45745 -3.46751
-3.64355 -3.68124
-3.69783 -3.71614
-3.58488 -3.61414
-3.64723 -3.69691
-3.69622 -3.74297
-3.65318 -3.65414
-3.69625 -3.74297
-3.65318 -3.65414
-3.64725 -3.69691
-3.6236 -3.67104
-3.42997 -3.56264
-3.69568 -3.74485
-3.69706 -3.73305
-3.65318 -3.65414
-3.58745 -3.59008
-3.61179 -3.63983
-3.69624 -3.74228
-3.69775 -3.71627
-3.17725 -3.24969
-3.58525 -3.58423
-3.69591 -3.74318
-3.62357 -3.67104
-3.59047 -3.59739
-3.69169 -3.74464
-3.08137 -3.001
-3.66387 -3.68896
-3.69735 -3.72889
-3.69613 -3.73844
-3.69613 -3.73844
-3.65329 -3.65404
-2.48045 -2.72518
-1.02956 -1.91157
-3.4675 -3.4873
-3.47126 -3.49273
-3.51133 -3.52357
-3.51379 -3.54793
-3.43765 -3.45163
-3.50019 -3.51521
-3.41977 -3.40738
-3.42752 -3.41838
-3.68702 -3.72961
-3.68627 -3.73016
-3.68645 -3.73008
-3.68653 -3.7301
-3.68649 -3.73004
-3.41865 -3.47715
-3.57896 -3.63385
-3.66453 -3.72413
-3.69664 -3.74978
-3.69091 -3.72931
-3.65739 -3.67513
-3.60312 -3.59344
-3.53251 -3.49344
-3.15831 -3.22445
-3.68846 -3.73312
-3.68592 -3.73036
-3.68846 -3.73313
