1.67053 1.36053 1.50488 -0.0315609 -0.111593 0.00310622 -0.056216 -0.648418 0.304084 -0.026342 -0.236014 0.015367
1.92352 1.89886 0.642886 -0.0396882 -0.417566 0.312988 0.700252 -0.111104 -1.03316 -0.085464 -0.213901 0.312097
1.47406 1.47616 1.53173 -0.0191045 -0.0107882 0.0229877 0.392465 0.357112 -1.3921 0.006297 0.019548 0.044484
1.24669 1.12667 1.52785 0.0511914 0.149399 0.05537 -1.46663 -0.066766 0.782489 0.047324 0.134782 0.050638
0.539195 1.1824 1.89998 0.360126 -0.511514 0.85085 -0.192681 -1.5014 0.743033 -0.380636 -0.315357 0.590298
1.57867 1.50832 1.42128 -0.0166305 -0.106427 0.17094 0.732246 0.709055 -1.29831 -0.020413 -0.104171 0.145999
1.68511 2.22899 0.653199 -0.27775 -0.176465 -0.389269 0.413749 0.57208 -1.22041 -0.120941 -0.185026 -0.30552
1.17905 1.25115 1.88998 -0.0335388 0.06978 -0.00812021 -0.234687 -0.285459 0.302625 -0.011853 0.050217 -0.007052
1.59905 1.38576 1.41596 -0.0328083 0.0516456 -0.0169263 0.261018 -0.723412 0.039857 -0.668068 0.026626 -0.005794
1.69049 1.62325 0.927135 -0.0415126 0.169809 0.288649 0.44198 -0.234732 -0.404713 -0.050372 0.160441 0.216313
1.87214 1.47129 1.23752 1.12002e-07 -5.90452e-08 1.18603e-07 0.031535 -0.376491 0.098251 0 0 0
2.32262 0.767225 5.70758 -4.28447e-06 -1.16562 1.51442e-06 0.687713 -1.30756 4.01644 0 -1.00016 0
1.65098 1.65101 1.45147 1.33349e-06 -5.98056e-08 2.05284e-07 0.568471 0.568471 -1.50073 0 0 0
1.42087 1.43161 1.77282 5.12432e-08 1.83602e-06 3.58948e-07 -1.08278 0.43782 0.995464 0 0 0
1.12973 1.81286 1.40681 0.368329 -5.55163e-06 5.03845e-06 0.296284 -0.333591 0.175031 -0.339598 0 0
1.67997 1.67997 1.50544 -6.74285e-08 4.30653e-06 4.24154e-06 1.06692 1.06692 -1.41478 0 0 0
1.60526 2.22362 0.828502 -0.307665 5.64319e-06 -3.89659e-06 0.484037 0.485384 -0.954083 -0.116158 0 0
1.31238 1.31236 2.02329 -5.83703e-06 6.26696e-06 -3.23551e-06 -0.139979 -0.139979 0.607484 0 0 0
1.81612 1.50533 1.31528 -1.57294e-06 2.40266e-06 4.0329e-07 0.435466 -0.470976 -0.007833 0 0 0
1.70573 1.56225 1.15989 -9.93884e-07 1.73832e-06 4.90326e-06 0.443483 -0.05487 -0.238519 0 0 0
0.449113 2.87124 1.20944 0.662557 0.619391 -0.0102751 -0.681074 0.998835 0.214446 0.58728 0.603679 0.0698053
-0.612868 -0.609923 -0.682322 0.29765 -0.33061 0.0594241 -1.19065 -1.21981 -1.25131 0.0878804 -0.0890104 0.100061
-0.626551 -0.347616 -0.548814 0.241818 -0.133268 -0.138269 -1.08535 -1.05426 -1.14398 0.120727 -0.0469115 0.0967569
-0.375423 -0.0994332 -0.15238 0.134781 -0.0427135 -0.0497067 -0.843687 -0.820806 -0.880799 0.130185 0.00867277 0.109144
-0.70248 -0.491856 -0.688804 0.28948 -0.232049 -0.0885961 -1.13885 -1.13081 -1.19856 0.10631 -0.0672911 0.0990124
-0.482022 -0.200819 -0.167098 0.228653 -0.0528217 -0.0298181 -0.766961 -0.732323 -0.725531 0.125013 0.0112041 0.0804445
-0.256286 -0.142294 -0.158703 0.0789987 -0.0606281 -0.097329 -0.969249 -0.927753 -1.02505 0.132981 -0.0117467 0.0990526
-0.209046 -0.036594 -0.10476 0.0247023 -0.0248923 -0.100398 -0.904865 -0.87126 -0.956239 0.132118 0.000255845 0.105354
-0.375423 -0.0994332 -0.15238 0.134781 -0.0427135 -0.0497067 -0.843687 -0.820806 -0.880799 0.130185 0.00867277 0.109144
-0.422637 -0.243492 -0.35191 0.16434 -0.109751 -0.0826199 -1.03029 -0.987699 -1.08881 0.130236 -0.0277264 0.0963437
-0.462394 -0.21629 -0.15147 0.214052 -0.049029 -0.0441722 -0.741648 -0.689707 -0.651079 0.113999 0.0072703 0.0531894
4.81621 4.81621 4.53224 -6.80699e-08 -2.11498e-08 -2.66803e-08 3.43266 3.43266 5.94202 0 0 0
1.04271 1.10396 0.807435 -0.242659 0.0134783 0.182499 0.262518 -0.34832 -0.53831 -0.12964 -0.0285352 0.372173
158.729 186.268 254.985 -95.8586 -147.381 154.944 156.764 187.416 261.969 -100.521 -149.238 154.46
18.2145 15.4434 15.0528 -0.288257 -0.0681729 0.299648 16.3487 13.636 13.1658 -0.17335 -0.067436 0.289503
0.463229 -0.36983 -0.316771 -2.632 2.85321 -1.44123 0.204997 -3.24341 -0.0994077 -2.03811 1.79331 -1.92104
13.6535 17.6781 14.3864 -2.57453 -0.22581 -1.07146 12.6468 15.9566 12.8535 -2.38575 -0.0697392 -1.09431
0.259211 0.50658 0.271115 -3.79102e-06 0.138552 -5.73888e-06 -1.48668 -0.425787 0.236205 0 0.102402 0
1.87214 1.47129 1.23752 1.12002e-07 -5.90452e-08 1.18603e-07 0.0319728 -0.376519 0.0989404 -0 0 0
-4.98545 -5.0994 -5.40023 -0.0603341 -0.0132458 0.0552707 -7.21901 -7.13254 -7.41684 -0.0314814 -0.0369488 0.0373646
51.0468 53.9876 49.0713 27.8329 -28.4793 -22.6274 51.8677 57.9214 49.8558 28.2637 -28.8081 -23.1674
-1.08351 -1.08352 -1.13339 3.04933e-07 4.06058e-07 4.98979e-09 -1.74266 -4.03806 -2.0231 0 0 0
-2.09806 -2.13295 -1.88299 -0.00260601 -0.00571366 -0.00560547 -4.00866 -5.25369 -4.25496 0.127571 -0.0184036 0.0700695
4.29036 4.83786 8.21367 -1.19169 -0.349215 -0.568131 2.53942 2.96695 6.5228 -1.12534 -0.276895 -0.528677
13.3387 12.4886 13.6676 0.479912 0.766136 1.15304 12.1902 11.6848 12.2706 0.521227 0.867551 1.08648
11.3102 8.4185 8.1311 0.0621478 0.0774021 0.0302282 12.1212 7.24165 7.07169 0.0553061 0.111956 -0.0477182
11.151 12.5156 12.7401 -0.102196 -0.979953 -0.608219 10.5683 11.7217 13.882 -0.0954702 -0.93618 -0.620293
1.28088 1.28088 1.28088 1.97304e-06 -6.51969e-07 -6.44776e-07 1.44092 1.44092 1.44092 -0 0 -0
20.443 19.3966 12.2639 1.55791 0.712429 0.455384 20.3988 19.0892 13.6095 1.67942 0.545189 0.484478
-3.38929 -3.13045 -2.78942 -0.3154 -0.224418 0.437905 -4.99276 -4.90617 -4.36922 -0.319584 -0.284783 0.585912
11.3364 10.8278 15.9508 -0.9955 0.0743642 -0.428636 9.31439 8.7278 14.057 -0.937248 0.067484 -0.324013
89.6975 89.768 89.9905 -0.104885 0.328483 -0.0659225 86.4825 86.6741 86.8495 -0.183093 0.341496 -0.22564
-3.92836 -3.64554 -3.84316 -0.110164 -0.316259 0.0919981 -5.71971 -5.45087 -5.27788 -0.0925027 -0.215127 0.164261
14.9951 13.4049 13.9084 -0.040919 0.486484 0.764149 14.8914 13.1372 13.6781 -0.0396254 0.547659 0.87878
17.8014 18.8233 17.0898 0.391983 0.051075 2.06257 16.599 17.6162 16.0684 0.326209 0.200278 1.93055
0.665587 0.827096 0.803065 -0.00558357 0.258667 -0.00929037 -1.12127 -0.0820105 0.814227 -0.00285395 0.230648 -0.00219181
-1.97694 -1.37265 -1.6596 0.261106 -0.0890525 -0.539256 -3.48439 -2.96095 -3.32984 0.11368 -0.0535928 -0.360632
3.68066 2.76778 2.84002 -0.425132 0.20216 0.13937 1.99604 1.15606 1.22965 -0.341764 0.0622239 0.214389
-3.96634 -3.74989 -2.73441 -0.380855 0.369738 -0.213835 -3.98132 -3.68533 -2.87061 -0.369905 0.251077 -0.216877
13.2119 12.7855 12.9252 0.221492 -0.113963 0.131188 13.1018 12.5914 12.8054 0.228522 -0.103195 0.140549
-2.35062 -2.2718 -2.4044 0.0158988 0.351599 -0.284628 -3.68961 -3.31828 -3.65325 -0.116034 0.409084 -0.245282
5.37002 5.17573 4.63323 -2.34944 0.212674 -0.056351 3.57555 3.13551 2.81822 -2.17036 0.304832 -0.0110499
-2.28791 -2.73902 -1.9735 -0.401898 0.237973 -0.696579 -4.21984 -4.70362 -3.84799 -0.366848 0.247272 -0.633885
0.809016 -0.0484349 1.76759 0.853617 1.80386 1.81279 -1.27879 -1.37187 -0.266164 0.698412 1.40229 1.2122
6.04929 6.04044 10.0202 2.26043 -0.0174824 -1.34143 4.9916 4.19221 8.29124 1.80379 -0.0621693 -0.958284
0.894892 1.0211 0.57284 0.0201347 -0.0803709 -0.0592698 -1.0094 -0.921639 -1.04725 -0.00977402 -0.167335 0.00281497
8.94817 8.19792 9.49855 -1.03049 1.7313 0.0123458 8.13345 7.65219 9.543 -1.04821 1.50227 0.0864681
0.393083 2.62395 2.73011 0.22035 -1.44508 0.0607148 -0.860189 0.64441 1.04034 0.223701 -1.31786 0.0745625
14.671 14.8121 14.6724 -0.0470723 0.0885396 0.100773 14.7148 14.5776 14.3772 -0.013425 0.0674841 0.127689
-3.80692 -3.54331 -3.81193 -0.00480077 0.290851 -0.282161 -5.69114 -5.66598 -5.68656 -0.0615205 0.26678 -0.339583
15.5722 15.3366 15.6992 -10.0367 -7.00496 2.93868 14.605 16.6993 16.4993 -9.13043 -5.87193 2.53669
10.1574 1.92876 6.15778 10.8969 -2.41949 -0.224137 9.55839 1.9962 3.37168 9.16391 -1.96613 0.34242
1.60526 2.22362 0.828502 -0.307665 5.64319e-06 -3.89659e-06 0.484838 0.485789 -0.954065 -0.116099 0 -0
1.29703 -0.73884 1.48355 1.17334 0.477306 -1.46878 -1.78306 -1.38072 -0.158815 1.17085 0.907387 -0.879137
3.64555 4.28126 4.57036 -0.512112 -0.886767 -0.988592 2.66889 3.47302 4.83566 -0.61915 -0.941481 -1.13261
0.179653 -0.443313 -0.337262 -0.723224 -1.29079 -1.20585 -2.2051 -1.89431 -2.54474 -0.567185 -1.234 -0.754538
0.848801 -1.89691 -1.38392 -0.882505 -0.171966 0.445334 -1.15287 -3.7491 -3.08944 -0.693451 -0.119116 0.627625
1.90507 2.006 2.82789 -0.00799361 -0.0701655 -0.0010695 0.653926 0.658704 1.10813 0.0340785 -0.0716184 0.00099944
12.4649 14.0743 13.5779 -0.0935368 -1.01286 0.0556427 11.4631 12.7732 12.7054 -0.226948 -0.954421 0.196617
5.85138 4.28642 5.28411 -1.72568 -0.125679 -0.0533866 4.05623 2.36552 3.41371 -1.49775 -0.0609447 -0.0568292
1.0279 1.20644 0.730198 0.015283 -0.3428 -0.074314 -0.259478 -0.392551 0.128605 0.204512 -0.0892338 -0.0260982
1.69679 1.69681 1.91872 6.14526e-06 1.11022e-06 -3.95065e-07 0.41879 0.41879 0.192989 -0 -0 0
-7.80303 -7.77148 -7.80905 -0.0368923 0.0262864 0.0298627 -9.48184 -9.48033 -9.25248 -0.07092 0.089214 0.0730071
2.53747 2.44381 2.40663 0.415141 0.00655665 0.382351 1.03476 0.539182 0.64112 0.419766 -0.062782 0.559313
17.8364 17.8198 16.5712 -4.04933e-07 1.56525e-06 -3.20769e-07 17.4255 17.096 18.839 0 0 0
-5.50544 -5.5055 -5.51648 -0.00759037 -0.0107616 0.00297615 -8.50543 -8.48639 -8.54433 -0.0209993 -0.0170681 0.00843002
54.5287 55.3952 54.9123 -0.100997 0.215439 -0.106724 53.3592 53.8047 53.5954 -0.0990004 0.191508 -0.130057
3.54043 4.41372 3.56662 -1.16762 -0.664595 -0.912033 1.94311 2.77173 1.73347 -1.09977 -0.59524 -0.877561
0.977263 1.03825 0.496433 1.46108e-06 -0.316927 -5.55569e-06 -0.0125081 -0.513232 -0.371048 -0 -0.0926277 -0
7.77637 8.35985 8.51489 0.289417 -2.11938 0.10615 7.10069 7.90348 8.86869 0.295708 -2.06803 0.0783753
12.7639 12.9359 12.4918 0.0661087 -0.198995 -0.0636539 12.486 12.6878 12.4194 0.125989 -0.16067 0.026108
15.7129 15.6804 15.6847 -0.0402102 -0.013893 0.0029813 15.2987 15.4087 15.3305 -0.0445734 -0.0401319 -0.0730619
11.68 11.9527 9.52483 0.150597 -0.91472 -0.382139 11.331 11.3533 10.4202 -0.0425775 -0.968994 -0.276958
-1.11221 -1.11221 -0.863376 5.6979e-11 1.76212e-09 2.32155e-11 -2.9176 -2.9176 -0.436898 0 0 0
0.0480837 0.141723 -0.0661833 0.0470969 -0.126746 -0.0371504 -1.87214 -1.76839 -2.01173 -0.00888782 -0.152197 0.0384544
2.19392 2.04568 1.56673 0.00765531 0.0124514 0.027009 0.946411 0.251139 0.192174 0.00929182 -0.000542675 0.0102753
0.245151 -2.27205 -1.44066 0.0228965 -0.132937 -0.143791 -0.53544 -2.67528 -2.15072 -0.0209058 -0.00711558 -0.121995
-1.46135 -0.534471 -1.80104 0.715499 0.0538142 -0.262225 -2.21014 -1.37369 -2.3562 0.692027 0.13636 -0.117734
0.550816 0.540568 0.46241 0.025097 0.017238 0.0211117 -0.626111 -0.601805 0.118767 -0.0595379 0.0252751 0.0309551
0.877341 0.878725 0.852271 -0.0157817 -0.0192233 0.00403411 -0.691061 -0.745757 -0.795931 -0.0206022 -0.0449647 0.0179522
153.702 242.557 158.933 127.53 79.9774 46.3012 151.35 252.141 151.521 128.033 82.3125 55.3095
-5.77296 -5.46842 -5.66609 0.068637 0.142622 0.0632888 -8.66028 -8.3345 -8.51771 0.0237409 0.0734921 0.15047
1.20996 0.982586 1.59783 -0.672451 -0.0738916 -0.308902 0.168275 -0.0769248 0.304329 -0.958297 -0.104398 -0.448465
0.343458 0.343458 0.387548 -4.2236e-07 -2.89499e-06 -3.33775e-06 -0.520519 -0.520519 -0.454261 0 0 0
5.01495 4.3357 4.602 2.19243 0.491293 0.180943 3.59264 2.96282 3.04932 2.08009 0.615398 0.0947738
2.15089 1.85212 2.38946 0.264569 0.29971 0.723955 0.284836 0.152585 0.318346 0.240968 0.395342 0.693013
21.3753 22.2143 22.3376 4.80632 0.190259 -6.22006 21.254 21.6411 22.7286 4.7491 0.13718 -5.83574
1.70573 1.56225 1.15989 -9.90187e-07 1.74222e-06 4.9126e-06 0.443955 -0.0545475 -0.238127 0 0 0
0.497942 0.807432 0.606712 -0.0104521 -0.0307778 -0.0395435 -0.344316 -0.89648 0.374372 -0.027581 0.00792737 -0.0276269
0.612891 0.712403 0.808549 -0.0243491 0.149303 -0.0704451 -0.688117 -0.330374 0.341795 -0.165702 0.0958164 -0.0944202
1.43733 3.05969 4.97884 -0.524452 0.131713 -0.610703 0.0610107 1.29103 3.09818 -0.435459 0.0747338 -0.610253
32.6595 33.0366 33.4145 3.72248 1.20311 -5.36763 33.7095 33.4466 35.2993 3.52579 1.11069 -5.29986
16.4534 17.9626 13.7485 0.108079 -0.107338 -2.03018 14.6589 16.4487 12.0588 0.153197 -0.00364161 -2.11085
16.0723 16.2811 17.4445 3.00407 5.11605 5.79795 14.4284 14.6621 17.3389 2.40363 5.05131 6.10235
-2.51277 -2.51277 -1.58377 -8.10564e-08 2.44993e-07 2.31283e-07 -3.12538 -3.12538 -1.12933 0 0 0
-3.03409 -3.96376 -4.91485 0.062092 -0.737953 -0.200887 -4.95031 -5.69781 -6.34819 0.0559596 -0.595283 -0.230411
-5.28086 -5.28086 -4.20059 -1.21808e-08 -1.10794e-07 -1.20322e-07 -5.54693 -5.54693 -3.70115 0 0 0
1.32252 -1.14259 0.901713 -1.51 1.08214 0.57622 -0.425162 -2.05525 -1.96929 -1.18689 1.04214 0.242981
-2.43186 -1.31298 -1.54816 -0.06716 -0.0349964 0.0523169 -3.71057 -4.17264 -4.21906 -0.00513871 -0.0744934 0.0657944
5.56689 5.51347 5.20971 -1.18748 -2.13661 -2.85308 5.74472 5.56115 4.08952 -1.50069 -0.952057 -2.23142
-7.63008 -7.53966 -7.52803 0.0479296 0.131296 0.0225357 -8.86959 -8.98721 -9.02812 0.127583 0.0827755 -0.110207
14.5731 15.4215 13.2953 0.919102 1.02209 -0.222566 14.3507 14.9018 13.0619 0.92319 0.822948 -0.251834
3.13352 7.47614 3.82864 1.23005 0.681728 0.213215 1.4746 5.89656 2.38298 1.29519 0.803478 0.310091
-0.120446 -0.79318 -0.136175 -2.15929 -7.34785 2.49184 -2.64401 -3.01694 -1.06671 -1.14293 -5.9008 2.33668
23.6938 26.128 25.0536 -8.9842 -10.0644 1.62014 23.9556 30.0638 22.8018 -8.3764 -8.03205 1.91352
0.712264 0.842582 0.531431 -0.179987 0.0958067 0.277151 -0.259876 -0.476597 0.0828395 -0.0820776 0.273507 0.166269
2.53996 1.61777 1.95186 -0.105662 0.268898 0.478978 1.18636 0.030027 0.445551 -0.0685836 0.315068 0.563542
-2.50296 -2.28922 -1.67893 -1.1594 2.10862 -1.97823 -4.74464 -4.46737 -2.36267 -1.45523 2.10525 -1.80631
2.46078 2.39749 3.12506 -0.620049 -0.514269 0.914821 0.370157 0.410345 1.17051 -0.62177 -0.611904 0.988089
15.5934 16.4696 15.1901 -0.0321749 1.09967 -0.874797 15.4901 16.1555 14.9035 -0.20808 0.902399 -0.840905
5.02402 8.2433 6.50551 -0.527085 0.66822 -0.438113 3.38755 6.46955 4.57087 -0.557055 0.492378 -0.52164
4.80341 6.7966 5.32232 0.0781879 2.39338 -1.47904 3.51195 6.0079 4.43792 0.548444 1.69952 -1.56926
1.42087 1.43161 1.77282 5.12432e-08 1.83602e-06 3.58948e-07 -1.08302 0.437615 0.994022 -0 0 0
-5.99587 -5.86878 -5.99587 3.75349e-09 2.22222e-08 0.0553597 -9.18309 -9.09636 -9.18309 0 0 0.0264462
1.5343 -0.624049 -0.182093 -1.88602 0.11107 0.507043 -0.572628 -1.62142 -2.52626 -1.57894 -0.0231216 0.311708
11.2137 11.2137 11.2137 -7.91344e-07 -7.56144e-07 1.06036e-07 10.8408 10.8408 10.8408 -0 -0 0
-3.45167 -4.58915 -4.09441 -0.371806 0.0515407 0.00540588 -5.21226 -6.36556 -5.87285 -0.259895 0.108318 0.110713
0.217115 -0.0388859 0.0461207 0.131385 -0.0626561 0.086791 -1.59169 -1.97517 -1.84738 0.160713 -0.0219534 0.0325658
13.5695 13.398 13.2772 0.0298638 -0.105318 0.0255962 13.352 13.2951 13.1996 0.110414 -0.169819 0.0584337
-6.18163 -6.18163 -6.18163 2.91918e-08 -9.38372e-09 1.57494e-08 -9.58832 -9.58832 -9.58832 0 -0 -0
1.90041 1.94958 2.16636 -0.0306325 0.0397327 -0.00576683 -0.639933 0.787675 1.4453 -0.0563504 -0.0598155 -0.0475848
13.1541 12.7485 13.902 -1.19183 -1.05336 1.61754 11.3212 11.1389 12.3241 -1.13026 -1.16246 1.61251
37.8287 36.666 36.6702 -0.169031 -0.180517 -0.134375 37.9192 37.0221 36.786 -0.10038 -0.0763046 -0.122987
-0.743668 -3.08493 -1.90029 0.270308 0.0105437 0.374429 -1.90651 -4.43423 -3.24256 0.387484 -0.168758 0.281919
-1.33501 -1.54617 -0.958865 0.0533538 -0.357758 1.02991 -2.75067 -3.05794 -2.40346 -0.0646818 -0.442855 0.937152
88.3388 79.6418 79.3631 -24.554 39.0163 -6.65235 87.0765 81.1991 82.0505 -20.1466 39.7453 -8.57397
1.65523 1.65523 1.65523 3.71798e-07 3.77974e-07 3.69711e-07 0.380635 0.380635 0.380635 0 0 -0
3.0391 3.88226 3.51403 -0.74134 0.904125 -0.402682 1.17864 2.08662 1.73635 -0.742783 0.87995 -0.382867
-0.861997 -1.41485 0.0343065 -0.31824 0.033003 -0.204789 -1.96335 -2.50376 -2.08732 -0.398177 0.105977 -0.139621
-2.38268 -2.46558 -2.15167 -0.439285 0.0122335 0.490837 -4.03559 -4.17325 -2.41608 -0.523402 -0.016062 0.47056
14.4137 12.5919 14.1193 -0.736838 -0.047883 -0.0175093 13.326 11.7078 13.5418 -0.699936 -0.0146312 -0.0686344
6.5719 6.61951 6.41165 -1.0197 -0.143668 1.2614 4.83699 4.7273 4.367 -1.05958 -0.177466 1.24808
-3.86798 -3.80954 -4.58678 -0.0258699 0.206361 0.361644 -6.04194 -6.42545 -7.32437 0.157163 0.126665 0.36349
2.61999 3.09479 2.49921 -0.00435702 0.589194 -0.528693 1.39082 1.59768 1.18193 -0.110144 0.488324 -0.521943
0.478385 0.38311 0.338776 -0.00263896 -0.0702743 0.047338 -1.41026 -1.42374 -1.57049 0.0635401 -0.0743847 0.0159935
0.0322252 0.833797 0.301519 1.56144e-06 -0.0414499 -5.79956e-06 -1.91848 -0.106826 -0.063041 -0 0.158262 0
-2.00873 -1.89605 -1.56342 0.140316 0.260578 -0.568693 -3.97248 -3.85417 -1.67229 0.330925 0.222047 -0.516969
-5.45468 -5.15551 -5.0975 -0.0239083 0.340249 -0.00124134 -7.85694 -7.28659 -7.02162 -0.00244641 0.070133 0.0134403
4.63762 5.51617 2.98922 -0.128461 0.0494255 -1.20312 2.76099 3.62325 1.03247 -0.0118299 -0.00372338 -1.30866
33.0387 33.7789 37.3082 2.99342 1.11366 -2.13133 34.1463 34.4485 38.4424 2.36782 0.900971 -2.71798
-3.41416 -4.45292 -3.80485 0.251404 -0.123896 0.0823163 -5.58485 -6.4237 -5.98605 0.24967 -0.0672586 -0.016633
0.260815 0.671531 0.0408919 0.032697 0.186494 -0.0487707 -1.33313 -0.522961 -0.133454 0.0199452 -0.206641 -0.048263
2.57721 1.56174 2.66973 -0.405333 0.0380744 -0.176702 0.736198 -0.23946 1.07949 -0.385977 0.0542474 -0.150678
1.8656 1.07235 1.10319 -0.0371792 -0.00205984 0.0353166 0.353317 -0.633202 -0.727757 -0.0686474 0.00986924 -0.0859984
14.3203 14.2685 14.2353 0.912325 -0.0501958 0.750114 13.479 12.796 12.8722 0.893757 -0.182623 0.929963
38.7796 33.5698 47.5262 -3.96227 2.60564 -6.45205 40.0093 33.8889 49.1522 -3.97669 2.99605 -6.2269
-5.00362 -5.00362 -4.16218 -5.08544e-08 2.01451e-06 -1.80155e-08 -6.12663 -6.83047 -5.42183 0 -0.0426842 0
4.69157 3.85757 4.65156 0.0711575 -1.29244 0.211931 2.95095 1.97149 2.85707 0.114727 -1.23144 0.339016
-1.87472 -1.88326 -1.86428 -0.0492714 0.0679569 -0.0779456 -4.38874 -4.37532 -4.093 -0.138814 0.0946804 0.118842
3.19637 5.41269 1.43509 0.191392 -0.0489211 -1.02834 1.48085 3.34053 -0.411402 0.27228 -0.122213 -1.16314
-7.07305 -7.09635 -7.15437 -1.14469e-07 -0.00146307 2.42538e-08 -9.19618 -9.92596 -10.2137 0 -0.027093 0
0.743184 0.817313 0.602369 -0.00514767 0.0396167 0.0233713 -0.239546 -0.479634 0.0271514 -0.0102351 0.121347 0.0235996
18.2279 18.0077 19.0651 0.291565 -0.233797 0.297332 16.1306 15.855 17.0241 0.231161 -0.479111 0.200583
-1.46395 -1.08832 -0.865821 0.0800637 0.0238749 0.355638 -1.94402 -3.9709 -3.57367 0.0630183 0.0558351 0.245389
-3.54817 -2.21045 -2.80786 -0.121611 -0.154724 -0.162869 -5.10587 -4.72817 -5.28415 -0.0714868 -0.155679 -0.114617
-2.10201 -0.9411 1.02457 3.39528 1.58298 0.600237 -2.5942 -1.26311 -3.25655 2.90117 0.349396 0.145814
-2.26638 -2.75157 -2.17034 -0.0862877 -0.708866 0.107763 -3.85403 -4.4819 -4.02748 -0.00374328 -0.625585 0.189148
4.92932 4.90234 3.46338 0.0313348 -0.0658959 -0.028738 2.89717 3.32991 1.96665 0.0220663 -0.012468 -0.062975
2.20625 1.57199 2.11286 0.497483 0.418275 -0.382376 0.585875 0.00764055 0.565024 0.34225 0.370189 -0.26941
-0.276065 4.17117 4.08074 -1.31097 -2.85636 -0.0107267 -1.38795 2.33546 2.64008 -1.05365 -2.26855 0.0163136
0.357289 0.895127 0.985837 -0.0605112 0.0431229 0.0713246 -1.75691 -0.624621 1.55383 -0.0569992 0.0459107 0.102363
6.92806 5.73389 8.58088 -2.62482 -3.29463 2.49176 5.41538 4.29392 8.36902 -2.25794 -2.95683 2.31165
-5.2388 -5.16901 -5.40291 0.0131836 -0.0588012 -0.0450238 -8.08325 -8.13612 -8.09385 0.0196082 -0.0648123 -0.083285
2.19499 1.58931 3.11563 -0.429453 -0.428802 -0.7139 0.451556 -0.298216 1.0641 -0.520873 -0.50102 -0.608277
10.5091 3.458 7.78726 -0.147949 0.501925 1.27894 8.62666 1.50715 5.69309 -0.122748 0.254267 1.12079
2.12417 2.17215 1.93716 -0.0303459 -0.0565832 0.0536388 1.31869 1.42957 -0.828073 -0.0403008 -0.0936826 0.077911
1.34502 1.29907 1.87728 -0.0499379 -0.490784 0.564127 0.865718 -0.282907 0.684577 -0.215951 -0.462072 0.579893
1.67997 1.67997 1.50544 -6.74285e-08 4.30653e-06 4.24154e-06 1.06645 1.06645 -1.41517 0 0 0
-3.96939 -3.96939 -3.436 -3.11877e-09 6.02467e-09 -4.8279e-09 -6.10111 -6.10111 -3.68347 0 0 0
7.68692 5.05063 5.02574 -0.0564853 0.0124707 0.110244 7.95353 3.54362 3.60017 -0.0703133 -0.0507258 0.0505007
3.71139 3.71139 4.39287 8.61422e-08 -1.33729e-06 -1.5955e-06 3.18118 3.18118 3.89736 0 0 0
9.94015 9.94015 9.94015 -1.53147e-07 -1.45161e-07 -1.44e-07 9.64681 9.64681 9.64681 0 -0 -0
-2.05729 -1.70292 -2.50344 0.237702 0.00945291 0.764797 -3.93695 -3.36989 -4.09252 0.141607 0.109346 0.581331
19.4804 23.2261 19.1209 -15.0236 13.0031 -17.5555 19.5415 24.6013 17.6328 -14.1723 11.8323 -17.007
-0.408397 -0.586218 0.632842 -0.945186 -0.683065 -0.494431 -2.04709 -2.5086 -1.27787 -1.00733 -0.704028 -0.375
-1.02307 -1.02307 -1.02307 -3.87331e-10 -5.42358e-11 -2.46572e-10 -2.96405 -2.96405 -2.96405 0 -0 0
0.262158 1.22363 0.635153 -0.0684841 -0.17264 0.0581392 -1.29166 -0.143048 0.306833 -0.170316 -0.0390061 0.0310268
2.94611 2.40302 2.24085 0.0993545 -0.619769 0.0959474 1.40351 0.77798 0.845943 0.0230311 -0.593953 0.0860783
11.4368 11.1633 10.3441 -0.102602 -0.180627 0.0858569 11.2259 10.8698 10.1079 0.101712 -0.0883117 0.162964
15.8909 13.5254 10.0729 0.164071 -2.12315 -0.479601 14.8521 12.7103 9.2963 0.120531 -2.06152 -0.45393
13.145 14.534 13.3596 -0.31001 1.14171 -0.410951 11.2424 12.5598 11.6815 -0.327194 1.09733 -0.424491
1.56308 1.69551 1.87625 0.620787 0.186177 0.2576 0.788634 0.495038 0.430709 0.57005 0.142874 0.329322
-0.3123 -0.774726 -0.778475 0.227256 0.198264 0.0265663 -1.48231 -1.90944 -2.63614 -0.0161304 0.190803 -0.0918912
2.03195 1.05428 1.94534 -0.421756 -0.675458 0.175428 0.220358 -0.843478 0.0326988 -0.326061 -0.620694 0.294934
16.166 17.626 18.3958 0.216702 -0.279731 -1.62268 15.3293 16.6606 17.5528 0.300313 -0.491219 -1.52383
2.32255 0.767243 5.70759 -3.92114e-06 -1.16563 1.93847e-06 0.687389 -1.30859 4.01677 0 -1.00049 0
0.208758 0.503389 0.391539 8.40644e-07 -1.96388e-05 4.91924e-06 -2.36524 -0.749951 1.01273 0 0 0
27.7294 26.1815 16.3688 -2.3935 0.0246948 0.256828 26.8783 29.9073 14.5361 -2.78584 -0.0132391 0.242195
1.47204 1.47204 3.26544 4.76718e-08 7.46226e-07 7.22587e-07 0.246477 0.246477 -0.64789 0 0 0
-3.167 -3.22958 -2.76492 -0.715877 0.300397 -0.212952 -5.47868 -6.125 -4.87492 -0.736261 0.361911 -0.114137
0.734902 0.709531 0.681327 -0.00241368 0.0338963 -0.014917 -0.423516 -0.489074 0.332342 -0.0795336 0.0407144 0.000920503
1.39615 0.697571 2.18493 -0.293415 -0.48647 0.257768 -0.523715 -1.0404 0.0594566 -0.276047 -0.385773 0.297391
3.60287 2.07114 0.339064 0.118683 -1.24007 -0.314261 1.67087 0.406114 -1.287 0.0862345 -1.14057 -0.316083
2.76072 1.12204 6.0211 -0.151336 -1.1622 0.206963 1.0398 -0.816836 4.16561 -0.136827 -1.01995 0.188652
1.93593 2.07128 2.24591 -0.00342291 0.0759987 0.374067 0.607587 0.74882 0.677596 -0.00306395 0.0652184 0.350482
2.10227 2.03786 1.61874 -0.307235 0.629498 -0.527971 2.07236 2.0289 1.68618 -0.623088 0.960631 -0.856447
1.60157 6.16007 4.64271 -0.10687 0.222328 -0.874719 0.721632 4.75654 3.24469 -0.203604 0.0969483 -0.93829
0.47247 0.611338 0.25928 -0.137767 0.0825896 0.174807 -0.529956 -0.625836 -0.222069 -0.0109214 0.210889 0.0817533
15.257 15.1824 15.1823 0.0203638 -0.028456 0.00723375 14.8337 14.9051 14.7814 0.0268564 -0.0304169 -0.0365813
1.31238 1.31236 2.02329 -5.83703e-06 6.26696e-06 -3.23551e-06 -0.140184 -0.140184 0.607466 -0 0 -0
-6.30873 -6.30873 -6.30873 1.4404e-08 7.55388e-09 3.37345e-08 -9.49158 -9.49158 -9.49158 0 0 -0
299.448 271.449 335.235 202.011 -49.2021 -23.6492 322.552 310.404 376.737 213.978 -63.018 -35.9547
17.4677 16.1379 17.5401 0.330485 -2.22865 0.417816 16.1637 14.7272 16.258 0.307817 -2.22507 0.571691
30.4007 31.0071 32.2797 6.00936 2.69964 4.67532 30.1259 29.7873 32.7113 6.7179 1.80032 4.94077
29.9038 46.8734 39.5189 2.16369 -10.377 2.37419 31.2524 46.9049 41.1798 1.95282 -10.3086 2.15552
4.58037 1.54553 -0.0126634 0.391581 -1.52505 -0.801948 2.50331 -0.143768 -1.49782 0.30931 -1.37327 -0.760078
18.3286 12.2294 14.9957 0.949684 -0.179914 0.958941 16.4437 10.151 12.7617 0.922851 -0.276433 0.788325
11.9065 6.9431 6.47348 0.0119655 0.291705 0.327967 10.0194 5.45047 4.64591 -0.182908 0.322504 0.254061
-7.92799 -7.92799 -7.92799 -4.95932e-08 -2.61017e-08 -4.95932e-08 -9.64697 -9.64697 -9.64697 0 0 0
0.335738 0.508902 0.484926 5.27927e-06 0.0485465 -1.05749e-06 -0.823018 -0.588565 0.0688353 0 -0.0446806 0
1.66 2.30491 1.70664 0.448683 -0.112576 -0.0602075 0.898816 -0.124903 0.593276 -0.227438 -0.104909 -0.0970619
0.473086 0.639319 0.559723 0.027824 -0.0860423 -0.10511 -1.22621 -0.739452 0.464862 0.27041 -0.225232 -0.154725
31.0246 28.5039 33.2821 -0.469505 1.46981 -5.51175 32.9636 29.4815 33.9379 -0.507388 0.705682 -4.69675
7.02902 5.56802 8.58956 2.78069 0.949137 0.335038 5.34867 4.05116 6.74414 2.70243 1.05881 0.325467
2.22277 2.5734 1.27499 -0.258756 -0.104276 -0.0759949 1.03148 0.800337 -0.497093 -0.183268 -0.0954951 -0.0566937
-2.80215 -2.80215 -2.80215 -3.06614e-07 -1.82953e-07 -2.95124e-07 -3.23931 -3.23931 -3.23931 0 -0 0
3.84717 3.19817 3.96175 0.269504 -0.875113 -0.833599 3.09445 3.0443 3.83771 -0.0586346 -0.921175 -0.77323
4.85178 5.3959 4.35263 0.289454 0.0575329 1.26686 3.04115 3.85315 2.73724 0.221149 0.153381 1.09745
-1.59733 -1.67724 -1.65687 0.0259926 3.85892e-07 -4.08332e-08 -4.04295 -3.83659 -3.43623 0.0698895 0 0
1.63232 2.43922 2.15051 -0.108664 -0.555692 0.0917284 -0.0543593 0.582253 0.667362 -0.143053 -0.490517 0.178294
1.45091 2.6245 3.73774 -0.0581035 -1.25322 0.53222 0.689232 0.528342 2.13777 0.0980353 -0.818321 0.433987
-0.312755 3.16269 0.540072 -0.493254 0.406911 1.19654 -2.08113 1.34262 -1.21304 -0.435368 0.457145 1.16694
34.9994 32.4578 22.3456 -3.15755 -0.0275646 -0.0761876 36.0392 34.9342 21.3219 -3.85144 0.0457269 -0.0569127
3.15079 3.82856 3.23549 -0.145651 0.697141 -0.322682 1.31739 2.0331 1.46436 -0.209377 0.67261 -0.326695
-1.22037 -1.22037 -1.22037 -1.1984e-08 -7.22025e-08 -7.57752e-09 -3.47682 -3.47682 -3.47682 0 0 0
-1.07079 -1.43838 -1.3372 1.4854 0.420719 0.111428 -1.64582 -2.08071 -1.97384 1.30926 0.510001 -0.0147112
5.82601 5.02713 2.39472 -0.161129 -0.467014 -0.583007 4.07608 3.269 1.20258 -0.164325 -0.605525 -0.494078
0.491745 0.504371 0.694827 0.00411097 -0.00663333 0.125578 -0.445343 -0.4302 -0.057899 0.0378191 -0.0135446 0.120205
14.0384 13.8123 15.2862 4.21806 0.484992 3.4782 13.0715 12.7263 14.2089 4.28624 0.570801 3.39187
0.630514 2.70303 0.760169 -0.0072171 0.314315 0.295942 -0.905023 1.23408 0.198825 -0.0231916 0.316317 0.242716
-0.757429 -1.73356 -1.42348 -1.17551 -0.0905877 -0.149428 -2.04553 -3.06101 -2.57273 -0.980801 -0.029749 -0.154045
-5.53805 -5.53454 -5.57318 0.00973374 -0.00139711 -0.00625949 -8.59329 -8.54119 -8.53795 0.00649891 -0.00319906 -0.00682111
-4.25583 -3.76001 -3.59014 0.00991949 0.161012 -0.124862 -7.03198 -5.90551 -5.6948 0.00785621 0.0966189 -0.191872
1.73674 1.78264 3.79716 -1.63888 0.375969 -1.85933 -0.486205 -0.841789 1.50753 -1.27487 0.148132 -2.16493
8.27321 8.31317 8.23108 0.169552 -0.073328 -0.0628941 7.67619 6.84547 6.72968 0.111344 0.0387937 -0.0845271
45.5424 45.8143 46.0077 -0.187172 -0.0767262 0.0335443 45.1649 46.4519 46.8053 -0.163479 -0.0528483 0.00316073
1.17839 1.39545 1.40425 0.631333 0.177991 0.150734 0.422601 0.240413 -0.0261399 0.527071 0.130236 0.270044
15.395 14.393 14.7999 3.32093 0.568759 0.315433 13.4775 12.6065 12.6212 3.1967 0.680757 0.304478
-0.355655 0.0928222 0.566633 -0.0546911 0.0769803 0.0330037 -1.3309 -1.39132 -0.904018 -0.170252 -0.00226213 -0.0601493
135.47 134.955 135.115 -0.109713 -0.216068 0.132419 133.259 132.714 132.914 -0.112857 -0.190821 0.198925
-3.79185 -3.50337 -3.64992 0.134392 0.0436655 0.332131 -6.43778 -5.54248 -5.78697 0.130535 0.135691 0.311061
19.5717 19.5718 18.2461 -6.26912e-07 1.50715e-06 -4.24453e-07 20.3141 17.8393 21.2489 0 0 0
14.9395 11.2524 12.6677 -1.51873 0.331339 -0.420657 13.9429 10.3658 11.9673 -1.26705 0.31982 -0.393645
0.16579 0.384054 0.163697 1.94054e-06 0.0125392 -2.18133e-06 -1.4612 -1.02962 0.0950761 0 -0.108781 0
14.5217 13.3004 14.4909 1.06492 0.685388 -0.803149 14.2254 13.0515 14.2663 0.800654 0.61889 -0.615586
-0.878207 -1.09291 0.00627181 0.00393332 -0.671317 0.101994 -2.26305 -1.96399 0.160483 -0.00366248 -0.668115 0.120291
3.65366 6.46389 6.91464 0.372214 0.199716 1.03118 2.36239 4.70427 5.31341 0.305295 0.224936 1.04328
3.08387 -0.258657 0.95907 0.974764 0.604005 0.962624 1.17667 -1.68778 -0.637104 0.88778 0.627361 0.914163
-5.27366 -5.28174 -5.39046 0.0641907 0.0528657 0.0253988 -8.00312 -8.23234 -8.17418 0.0649778 0.0684511 0.0525027
4.85292 4.96006 6.0234 0.0575009 -0.578469 1.7549 2.95059 2.80287 4.09066 -0.0360582 -0.552216 1.69817
-3.28726 -2.74498 -3.24608 -0.0510619 0.171407 -0.135845 -5.43845 -5.32381 -5.44345 -0.0322893 0.157959 -0.0972096
4.50576 2.78292 2.9091 0.0174643 -0.122523 -0.0607687 2.91084 1.67329 1.6891 0.0275837 -0.00547764 -0.0622475
2.08541 1.96422 1.55403 -0.0093887 0.0050862 0.035736 0.377207 -0.0658831 0.565403 -0.0274577 -0.0116142 0.0113806
9.88678 9.87009 9.87009 0.00187929 -0.00593 -0.00187954 8.91733 9.10235 9.10235 -0.0383177 -0.029647 0.0383177
3.45539 4.3949 4.88601 0.0165163 -0.283876 -0.977859 1.98444 2.74151 3.29498 0.0545121 -0.357849 -0.936343
14.4418 14.7027 13.8465 0.0807599 -0.17945 -0.0852913 14.2729 14.4052 14.0132 -0.0564994 -0.203733 -0.0393387
6.15737 2.40443 4.19524 0.560763 -0.0705418 0.626465 4.43649 0.375235 2.17018 0.595916 -0.220771 0.478584
2.11305 2.61073 1.47977 0.46022 0.582731 -0.138807 0.715559 0.94693 0.176199 0.507394 0.387606 -0.192554
11.8885 11.8885 11.8885 -5.44447e-07 -5.29107e-07 1.61781e-07 11.8006 11.8006 11.8006 0 0 0
-2.4372 -1.54906 -0.307285 0.298875 -0.167823 1.16364 -4.97111 -4.90972 -2.54969 0.181172 -0.0737647 1.02967
15.8011 18.8646 14.9378 -0.595547 4.69011 -7.22621 18.1011 16.7478 15.7031 -0.541787 4.05363 -6.25072
0.779631 0.736517 0.746742 0.0109533 -0.0185139 -0.000260525 -0.901543 -0.892123 -0.851371 -0.0100808 -0.00727468 0.00847755
-2.66152 -1.67705 -2.37028 -0.213287 0.686448 0.620437 -4.33176 -3.08771 -3.8013 -0.208744 0.780855 0.569082
-4.28312 -4.45658 -4.1628 0.281984 -0.0813179 0.201615 -6.82526 -6.3023 -6.13102 0.176139 -0.0436716 0.16266
-3.11298 -2.08922 -2.99106 -0.719113 -0.149913 -0.372595 -4.43709 -3.50751 -4.63915 -0.575154 -0.095183 -0.307444
-4.56248 -4.74517 -3.88299 0.338978 -0.0348181 0.479338 -4.58167 -4.25703 -3.59547 0.24739 0.0684598 0.243253
0.752748 0.906601 1.4324 0.0407764 -0.463112 0.525734 0.372694 -0.724364 0.298573 -0.0561278 -0.380762 0.471363
15.6932 14.7007 14.3731 0.067618 -1.23247 0.0585862 15.4775 14.3718 14.2396 0.0626347 -1.19083 0.0192139
15.7246 16.326 18.3117 0.0494698 -0.783496 3.00404 13.9694 14.2174 16.496 0.114214 -0.639909 2.90974
-3.88198 -3.19902 -2.64121 2.59003 -1.8945 -4.08208 -3.76628 -6.32245 -4.2932 2.29438 -2.14936 -3.21415
-3.60024 -3.70229 -3.73418 0.227971 -0.0300049 0.222033 -5.20512 -5.51099 -5.391 0.137842 0.00702343 0.320853
1.74027 1.82879 2.44269 0.0218101 -0.0572107 -0.028637 0.283637 0.396989 0.882234 0.0172254 -0.0481577 -0.00418389
15.1908 14.5784 13.5361 -3.19603e-07 1.22755e-06 -9.30116e-10 14.892 13.8321 14.8653 0 0 0
8.78806 16.2863 16.7337 0.308198 -0.780638 -0.833186 8.29457 15.4466 16.4828 0.425 -0.596277 -0.924074
186.968 287.518 275.027 -118.614 76.4425 -65.6978 192.859 278.827 267.934 -123.826 93.6935 -71.1125
15.4831 15.5011 15.4686 -0.00812771 0.0169846 -0.00484406 15.1589 15.1018 15.0803 -0.0242838 -0.023662 -0.0234379
1.81612 1.50533 1.31528 -1.57294e-06 2.40266e-06 4.0329e-07 0.43832 -0.468727 -0.00500801 -0 -0 -0
1.01852 2.70564 3.07253 10.216 8.26941 7.9861 -1.35457 1.55088 4.43814 8.78957 7.51465 6.54014
-1.26724 -1.28117 -1.32746 2.51458e-07 3.97195e-07 -7.19223e-08 -2.78124 -3.74257 -2.49721 0 0 0
2.70423 4.94628 3.09233 -1.37254 -0.18732 -0.627298 1.30057 3.11916 1.18083 -1.2347 -0.0911996 -0.617818
11.0379 11.0379 11.0379 -1.10453e-07 -1.18852e-07 -1.13036e-07 10.5377 10.5377 10.5377 -0 -0 -0
-6.49812 -6.68011 -6.82113 -0.0797253 -0.0633405 0.161583 -9.16315 -9.22398 -9.1607 -0.116779 -0.179978 0.0634103
17.2103 14.9705 17.1002 -2.50856 -0.243529 0.300703 15.5525 12.9132 14.9156 -2.26278 -0.0968274 0.135409
-5.5007 -5.49852 -5.50567 -0.00230303 0.00454157 -0.002803 -8.50357 -8.51508 -8.48007 -8.3379e-05 0.007716 0.0105884
4.88724 4.22484 6.10698 0.811201 0.810429 -1.48383 3.81795 3.2331 4.48345 0.68531 0.705116 -1.20733
-3.52096 -3.82724 -3.04775 -0.286407 -0.321563 -0.390048 -4.8757 -5.35235 -4.66367 -0.334717 -0.300093 -0.287696
2.21642 2.48476 3.53898 -0.0343141 0.219286 -0.0718792 0.686103 0.968621 -0.0477482 -0.0562669 0.196497 -0.0531609
1.29053 1.34653 1.18923 0.199261 0.221736 0.307157 0.648341 -0.0805341 0.171335 0.0692906 -0.00180596 0.252497
5.35207 5.11031 5.15822 -0.0454191 0.0122208 0.0116514 4.3619 4.22064 4.18158 -0.048796 0.0382669 0.0695665
0.793717 0.806685 0.722043 0.0159165 -0.0017876 -0.010946 -0.834599 -0.874718 -0.860036 0.0191697 -0.017722 -0.0287992
17.0567 11.7568 12.8277 -0.0393007 -0.325322 0.170167 14.9601 10.1555 11.2116 -0.174877 -0.324664 0.0343354
1.12973 1.81286 1.40681 0.368329 -5.55163e-06 5.03845e-06 0.296984 -0.333293 0.175136 -0.339815 0 -0
-3.61428 -4.15463 -3.39819 -0.201926 0.081687 -0.24069 -5.5028 -6.06111 -5.14565 -0.177759 0.108828 -0.171224
5.65485 4.12793 4.03888 -0.0744706 -0.205224 0.130947 3.8294 2.32295 2.05339 -0.0681449 -0.207472 0.108979
-4.02378 -4.31389 -4.08805 0.221645 0.256414 -0.163246 -6.15682 -6.33453 -6.18881 0.0943674 0.189259 -0.0690253
14.4706 14.4947 13.9791 0.212499 0.135928 0.102591 14.1807 14.3359 14.0095 0.167693 0.132555 0.0551336
-3.49977 -3.74421 -3.84282 0.115006 -0.252776 0.123328 -5.60759 -5.96035 -5.81774 0.0282342 -0.236231 0.107896
6.39996 6.48854 7.32189 0.0194155 -0.0205505 0.139946 4.76163 4.58519 5.3502 -0.0334322 -0.176001 0.0241557
35.9915 36.3535 39.1315 -1.57621 2.75908 -2.68881 36.2304 35.4331 39.064 -2.06136 1.72133 -2.00866
3.43517 5.63128 5.52321 1.93391 -0.213365 0.2671 2.89397 3.98579 4.17471 1.8788 -0.293871 0.293688
2.03792 2.0674 1.66529 -0.033085 0.00564637 0.0345663 0.675297 0.0645869 0.282828 -0.675402 -0.0675863 0.0487994
9.93222 9.93225 8.57416 -8.83381e-08 6.63005e-06 6.22429e-09 9.27679 9.08289 10.0407 0 0.0107428 0
-4.9806 -4.76596 -4.77277 -0.229234 0.0062348 0.053207 -7.76126 -6.69204 -6.84975 -0.329417 0.0345214 0.0452222
-3.17124 -2.51153 -2.49272 0.310453 -0.232298 0.283117 -4.47363 -4.32232 -3.35689 -0.0852744 -0.0967051 0.0863376
125.113 237.878 90.2614 128.384 -97.4598 -64.5626 121.467 241.531 90.6832 131.649 -101.067 -65.5683
-5.44881 -5.48402 -5.50471 -0.00241586 -0.0463009 0.0283409 -8.3718 -8.1721 -8.29357 -0.00841438 -0.0494728 0.0387777
-5.23439 1.43801 -0.516636 4.78738 6.71293 5.04744 -6.18395 0.577453 -3.24376 3.36937 6.39852 4.74023
-2.91888 -3.50828 -3.34689 -0.212634 0.166486 0.012599 -4.75358 -5.28735 -5.26846 -0.154779 0.0714631 0.0780522
-2.8918 -2.8918 -2.8918 -4.99022e-08 1.20488e-07 1.103e-07 -3.92605 -3.92605 -3.92605 -0 0 0
5.06496 4.9858 5.01179 0.000324138 -0.0710855 -0.00108738 4.6327 3.94202 3.33973 0.0709844 0.106286 -0.0401159
0.464786 0.464788 0.52422 1.28094e-06 1.47005e-06 -1.96036e-07 -0.80602 -0.80602 0.116338 -0 0 0
-4.47888 -4.25569 -3.68316 0.735129 0.318005 0.737841 -6.883 -6.29294 -6.06221 0.537564 0.0383039 0.497906
46.2106 47.0947 45.5256 -3.94345 1.451 0.278129 46.416 47.4264 44.4692 -3.30188 1.4102 0.564013
14.5579 17.0123 14.8752 -0.114134 1.64456 1.41869 12.9532 15.4603 13.347 -0.11211 1.53136 1.4248
1.65096 1.65099 1.45142 1.50184e-06 -2.73613e-07 -2.83692e-07 0.568111 0.568111 -1.50117 0 -0 -0
1.14441 1.87855 2.58289 0.628269 0.108528 -0.213304 -0.235762 -0.19693 2.56742 0.742785 0.0594606 -0.151111
197.101 197.145 196.735 -0.0968508 -0.228227 -0.165081 200.311 200.5 199.505 -0.13964 -0.217708 0.0325683
11.6757 16.3266 15.758 -1.07876 5.03749 -1.11737 9.80126 15.7698 15.112 -0.959819 5.03544 -1.62372
31.0738 30.7696 30.7382 -0.0186164 0.253532 0.0978846 30.7916 30.669 30.5082 -0.0351358 0.334579 0.0720953
1.49083 -0.231746 2.92612 -0.0987407 -1.31904 -0.688764 -0.97263 -1.44707 1.74171 -0.111873 -1.09682 -0.395432
-5.6423 -5.59661 -5.68023 0.0228887 -0.0914094 -0.00882975 -8.43724 -8.47003 -8.47487 0.00913479 -0.10096 -0.0279833
-3.3392 -2.32576 -1.98291 0.0604474 0.212397 0.0734386 -4.43011 -4.06418 -2.74314 -0.0145933 0.0886102 0.0916469
0.677339 0.658365 0.458623 1.01539e-06 0.0283692 -1.80364e-06 -0.326636 -0.639247 -0.0333141 -0 0.140528 0
74.6602 109.008 91.6872 14.9651 -13.1984 -5.53224 72.7262 101.732 95.94 18.3485 -12.8718 -6.74042
0.812046 0.550936 1.20883 -0.723007 0.0510482 -0.374039 -0.201623 -0.403266 -0.124851 -1.07557 -0.0244463 -0.517365
-0.707051 -0.82909 -1.20548 -0.218428 0.181723 -0.00225143 -1.80588 -1.93508 -3.04399 -0.426117 0.0701448 -0.0895757
18.4414 19.6657 14.0777 -1.06302 -0.0450701 -0.0219241 17.1935 22.9057 12.5148 -1.53466 -0.065975 0.0184402
39.4925 44.2952 49.7316 0.265577 -2.5989 5.6412 41.3812 44.9331 49.6908 -0.0470905 -2.04453 4.83491
3.56962 5.16833 3.68404 0.948216 0.234817 -0.166823 2.0322 3.53859 2.23042 1.03219 0.299615 -0.0313192
0.886276 0.889883 0.873535 -0.00630768 0.00798145 -0.001114 -0.69922 -0.760169 -0.712762 0.0284349 -0.00411767 0.00664228
7.75235 7.84555 9.22943 -0.848942 0.330361 2.32368 7.72725 7.5567 7.67287 -0.925358 0.395511 2.15172
0.639818 0.605369 1.05034 0.014139 -0.0320641 -0.0523897 -0.696864 -0.725446 0.873621 0.031966 -0.0487908 -0.0538631
15.1796 11.7484 12.1015 -0.122043 -0.0559405 -0.0220673 17.0419 10.3563 10.5774 -0.149852 0.012439 0.0289264
-7.56323 -7.56323 -7.56323 -2.36128e-08 1.67818e-07 2.60114e-09 -10.1611 -10.0052 -9.9712 0 0 0
-2.93748 -2.35458 -2.11011 -0.0574477 -0.186453 -0.615957 -4.78708 -4.40768 -4.05339 -0.0508031 -0.278347 -0.547747
155.066 158.571 141.104 8.89361 0.714173 -24.497 145.597 144.079 130.248 8.93781 -0.0490772 -22.4516
-1.75959 -1.29018 -1.11177 -0.29479 -0.862115 0.650557 -3.59447 -3.25416 -2.85726 -0.318424 -0.981697 0.750517
16.1026 14.7044 14.9593 -0.82309 0.244868 0.379634 15.2828 14.0311 14.1901 -0.693658 0.0568975 0.440858
1.44111 1.57883 1.11015 -0.205992 0.0522749 0.29712 0.631661 0.0476684 -0.262859 -0.114878 0.0129936 0.407531
-3.63889 -3.74776 -3.52447 0.0900562 0.043416 0.467551 -5.56036 -5.51647 -5.54471 0.1164 0.122488 0.450013
2.60688 1.7219 2.20325 -0.505977 -0.110006 1.1326 1.4157 0.101687 1.69363 -0.432259 -0.0527894 1.1175
-3.07652 -3.07652 -3.06305 -0.00272245 9.93815e-08 1.26678e-07 -4.40784 -4.39491 -4.30601 0.151939 0 0
12.2 14.9691 13.3115 1.22895 0.584833 0.178078 10.2555 12.828 11.1392 1.47457 0.577103 0.142774
-3.67266 -4.23051 -4.00376 -0.107696 0.131809 0.313484 -5.70424 -6.37348 -6.03303 -0.0765895 0.147106 0.323866
2.84304 0.825993 1.65379 -0.750679 0.146933 -0.112639 1.15829 -0.870588 0.00176275 -0.630422 0.193025 -0.0470114
12.432 11.4959 14.2841 -0.745345 -0.726168 -1.30006 11.2594 10.1782 12.5851 -0.796582 -0.741012 -1.13794
-1.98141 -1.41509 -2.92509 -0.276562 0.0715154 -0.649232 -3.36675 -3.07843 -4.5013 -0.0778013 -0.0180971 -0.788106
-7.89057 -7.89057 -7.89057 -1.77878e-08 7.47602e-09 -4.3825e-09 -9.35605 -9.35605 -9.35605 0 -0 0
-7.38444 -7.40257 -7.40258 -2.12446e-08 1.7612e-07 -6.92871e-09 -10.0544 -9.94724 -9.96347 0 0 0
-5.6108 -5.73185 -5.68059 0.0816988 -0.0364451 0.0544494 -8.48872 -8.56708 -8.58883 0.0736753 -0.0304462 0.0809255
-1.54847 -1.53094 -1.53094 -0.017161 -0.00102004 -0.017161 -3.60475 -4.07235 -4.07235 0.0608508 0.134429 0.0608508
15.2807 15.2884 15.1345 0.0275612 -0.00644472 -0.0113118 14.9689 14.8252 14.8209 0.00934282 0.00390186 -0.0611845
2.67458 2.129 5.31725 -0.536754 0.0193679 -0.219676 0.991696 0.474435 3.81194 -0.480968 0.114467 -0.196083
-4.0013 -3.68455 -4.30199 0.248216 0.318302 -0.0839277 -6.03913 -5.95614 -6.17509 0.256899 0.167814 -0.129285
-5.45296 -5.45978 -5.45593 -0.0148572 -0.0054302 -4.13779e-05 -8.48345 -8.43102 -8.43402 -0.0239623 -0.00404325 0.000842663
3.36033 4.99403 3.78564 -0.182094 1.10395 0.987112 1.43862 3.23211 1.9864 -0.192886 1.10974 0.906188
0.854665 0.850045 0.616993 0.121849 0.105995 0.0496914 -1.01066 -0.916246 -1.09208 0.150319 0.118443 0.0591567
-5.54997 -5.57109 -5.5659 0.00463603 -0.00885838 0.000359419 -8.54514 -8.59215 -8.59981 -0.00128263 -0.0128905 -0.0011162
0.987093 0.971473 0.97854 -0.0269991 -0.0121341 0.000729774 -0.56313 -0.635428 -0.611072 -0.0395835 -0.00517895 0.0323587
-3.21241 -3.24715 -3.2463 0.00549608 0.0134586 -0.010375 -5.04653 -4.66233 -4.79772 0.0050098 -0.101616 -0.0950178
0.36083 0.82278 0.211781 0.0120605 0.0755272 -0.061186 -1.14135 -0.473965 0.0119428 0.0115941 -0.239645 -0.0716405
7.75372 7.75372 7.75372 0.00168819 -0.00168834 -0.0016884 7.18515 7.18515 7.18515 0.106289 -0.106289 -0.106289
-1.3246 -2.09741 -1.92042 0.0229791 -0.236528 -0.000835025 -2.6869 -3.45445 -3.58786 -0.0109584 -0.240255 0.0231543
-2.18959 -2.74127 -0.773493 -0.201387 -0.00800534 -0.100697 -3.16373 -3.59942 -1.58088 -0.218314 0.128019 -0.119643
-3.01398 -2.857 -3.45692 -0.40192 -2.10937 -0.551694 -3.51542 -4.6481 -5.46897 -0.159512 -1.61394 -0.417912
5.30376 4.8134 5.82798 0.347137 -0.123029 1.32167 3.4102 2.69478 3.93133 0.236996 -0.113062 1.27867
-4.17385 -4.01402 -3.87654 -0.226889 0.610058 -0.0575814 -6.573 -6.2686 -6.08226 -0.152817 0.526812 0.162001
6.58088 2.83853 3.83306 0.015275 -0.181952 -0.0323446 4.87491 1.64355 2.37964 -0.0718967 -0.1217 -0.0826597
1.78575 1.77193 1.97905 -0.0381141 0.0686442 0.0332616 0.513857 0.604653 -0.610507 -0.0371575 0.124573 0.0326393
-0.676881 -0.22499 -0.191783 -0.519247 -0.254767 -0.50234 -2.5164 -1.72624 -0.274728 -0.656941 -0.150103 -0.413577
15.4743 15.4809 15.4209 -0.0198574 -0.0312119 0.0075649 15.1612 15.0314 15.1259 -0.0316196 -0.0344223 0.000896365
0.33554 1.98249 3.17949 0.517396 0.175406 0.99457 -1.04624 -0.138787 1.28409 0.47281 0.0850888 1.0328
0.396087 0.505896 0.382095 1.74949e-06 -0.0233499 1.0542e-06 -0.439561 -1.29966 0.240707 0 0.0119694 0
1.62313 1.95484 1.62418 0.1167 0.107133 0.286285 0.95051 0.524295 0.510597 -0.0307889 -0.0174011 0.239518
3.47588 3.47588 3.47588 4.73545e-09 -1.49419e-08 6.0093e-09 2.04425 2.04425 2.04425 0 -0 0
1.99023 1.99023 1.99023 -3.12356e-07 -1.72226e-07 -1.73879e-07 0.6168 0.6168 0.6168 -0 -0 0
0.962558 0.962571 2.1606 -6.03846e-06 -3.20748e-06 -6.48971e-06 -0.658573 -0.658573 -0.186159 -0 0 -0
0.661185 0.661251 1.58916 -1.55828e-06 1.34457e-06 -8.20709e-06 -0.522114 -0.522114 0.552022 0 0 0
0.587642 0.587643 1.79003 0.00490148 -5.1877e-08 -2.82966e-08 0.220531 0.220531 -0.159724 0.00511451 0 0
0.575991 0.67094 1.15879 0.0102507 -1.0091e-07 -2.79102e-07 -0.56356 -0.313158 -0.117585 -0.00019221 0 0
0.0931358 1.1649 1.83654 -0.00269822 0.00715901 -7.06454e-07 0.781108 -0.0733693 -0.828344 -0.752337 0.0070642 -0.000201195
0.84847 0.84847 0.84847 -0.0170976 -0.0170977 -0.0170982 -0.0672924 -0.0672924 -0.0672924 -0.0199141 -0.0199141 -0.0199141
1.6219 1.6219 1.6219 1.10469e-08 -5.7628e-09 -1.05491e-08 -0.139996 -0.139996 -0.139996 -0 0 0
0.371902 0.371902 0.371902 -5.25462e-06 -5.0672e-06 -5.24917e-06 0.337963 0.337963 0.337963 0 0 -0
1.61154 1.61154 1.61154 3.08985e-08 -2.36224e-08 -3.96456e-08 -0.152611 -0.152611 -0.152611 0 -0 0
0.366412 0.36641 0.366412 -2.51477e-06 2.31549e-06 -2.49863e-06 0.331406 0.331406 0.331406 0 0 -0
0.839619 0.839619 0.839619 -0.0170553 0.0170552 0.0170557 -0.077188 -0.077188 -0.077188 -0.019895 0.019895 0.019895
1.04023 1.04023 1.04023 2.25479e-07 3.97867e-07 2.75206e-07 -0.0328015 -0.0328015 -0.0328015 -0 0 0
0.620648 4.92864 0.373532 -3.53541e-09 -0.00667388 -1.60815e-07 -0.105967 -0.102335 0.223984 0 -0.00665955 0
2.01835 2.01833 0.789097 -3.22292e-06 -5.38322e-06 5.81782e-06 1.00932 1.00932 -2.27741 0 -0 0
0.769551 0.763306 1.71235 -0.0054094 -1.64626e-06 -1.15512e-06 -0.965079 -0.975498 0.428506 -0.00901966 0 0
0.371902 0.371902 0.371902 -5.25462e-06 -5.0672e-06 -5.24917e-06 0.337963 0.337963 0.337963 0 0 -0
1.09799 1.09653 0.582697 -0.00125662 7.14675e-06 -1.25566e-05 -0.133556 -0.129105 0.3215 0.00385455 5.35355e-05 -9.17751e-05
0.620959 0.620973 1.69862 4.24226e-08 9.84734e-06 8.48452e-08 -0.217498 -0.217498 0.671534 0 0 0
1.71385 1.71385 1.22812 1.05696e-06 4.32162e-06 4.33867e-06 -0.00728317 -0.00728317 -0.364741 -0 0 0
0.840342 0.851923 1.10005 0.010033 4.00804e-07 1.69435e-06 -0.332102 -0.325505 0.121053 0.00573005 0 0
-0.933692 -0.999298 -3.31478 -0.0568019 1.11965e-07 2.54661e-07 -0.119195 -0.185421 0.204989 -0.0573469 -0 0
1.01555 1.01555 1.01555 -2.73785e-06 -2.55533e-06 -3.01164e-06 0.272983 0.272983 0.272983 -0 -0 -0
1.82814 1.82814 1.47343 -2.21277e-06 1.17502e-06 1.17514e-06 -0.0806009 -0.0806009 0.145919 0 0 0
1.05694 1.05689 1.0569 5.78397e-06 9.16161e-06 6.94355e-06 -0.0120127 -0.0120127 -0.0120127 -0 0 0
0.734813 0.717899 0.898519 -0.0146586 3.1026e-05 -5.33006e-05 -0.101894 -0.103086 -0.227555 -0.0010317 0.000305689 -0.000527313
0.849073 0.848864 3.97801 -0.000169417 0.000195294 -0.000336771 -0.320407 -0.319693 1.34725 0.000616979 0.000811815 -0.00139632
1.44272 1.44272 1.44272 -8.14212e-05 7.90903e-05 -7.69952e-05 -0.0429966 -0.0429966 -0.0429966 -0 -0 0
1.06636 1.06636 1.06636 0.00110379 0.0011035 0.00110339 0.114795 0.114795 0.114795 0.000974519 0.000974519 0.000974519
0.610223 0.62662 1.5308 1.22815e-06 -0.0010572 4.41182e-07 0.345129 -0.631549 -0.399795 0 0.519425 0
1.65825 1.65824 1.65824 1.88847e-06 3.55131e-06 -1.29569e-07 -0.181315 -0.181315 -0.181315 3.68969e-17 2.09904e-17 2.60695e-17
1.65825 1.65824 1.65824 1.88847e-06 3.55131e-06 -1.29569e-07 -0.181315 -0.181315 -0.181315 3.68969e-17 2.09904e-17 2.60695e-17
0.0991809 0.0991959 0.0991893 -2.56577e-06 -1.36055e-06 -6.57642e-07 -0.062807 -0.062807 -0.062807 -3.59151e-18 7.05068e-18 -5.37714e-18
-25.8907 -25.8907 -24.4938 8.27845e-07 -1.00515e-06 -1.0458e-06 -9.44548 -9.44548 -9.79297 0 0 0
0 -4.52976 -4.52964 0 0.000101496 0 -5.28534 -5.66094 -5.66095 0 -8.66026e-06 0
3.66937 0.829 0.618601 2.5074 -0.188094 2.35123 2.04683 -0.0561438 -0.597856 1.87804 -0.096789 2.36859
-1.37318 5.08029 0.606132 -1.87014 0.751332 -1.45724 -2.61633 3.72204 -0.750711 -1.99909 0.0759126 -0.910671
-1.63286 3.38453 -0.196972 -0.821331 1.04777 -0.327903 -2.44069 1.02904 -1.58645 0.109438 0.734933 0.0623497
-0.602449 4.33251 1.6273 -1.61191 0.662593 -2.74008 -1.98172 2.5218 0.209248 -1.32272 0.263824 -2.22814
4.50044 4.3957 -0.0887024 -0.142384 -0.378433 -0.399404 3.16126 2.28164 -1.66582 -0.195555 -0.444206 -0.668094
1.01608 1.23206 1.47879 1.52444 0.650573 1.27166 -0.030912 -0.136913 -0.427405 1.7383 0.375164 1.33196
-0.738232 4.57913 2.45195 -0.772342 1.37644 -0.322052 -1.90719 2.66543 0.602223 -0.500924 1.63733 -0.0110554
0.515388 2.84974 0.565541 -0.154106 0.251636 -0.454898 -1.44468 1.04924 -1.60831 0.29749 0.176934 -0.287079
1.55426 1.49981 1.55426 1.5434e-07 2.86126e-09 0.00984671 -0.04364 0.127908 -0.04364 0 0 0.151254
1.56994 1.56665 1.56994 -7.62715e-08 -3.82199e-08 -1.12808e-07 0.058356 -0.051595 0.058356 0 0 0
1.55115 1.57763 1.55115 0.00543038 0.00543015 0.00227072 -0.005202 -0.012103 -0.005202 0.020377 0.020377 -0.0415
1.56673 1.56673 1.52293 0.0185097 5.04929e-08 6.31161e-08 -0.007959 -0.007959 0.006457 -0.03275 0 0
1.54388 1.56167 1.56144 8.55132e-08 5.8728e-07 -2.62052e-07 -0.025907 0.237649 -0.171765 0 0 0
31.1014 31.1014 31.1014 -8.32975e-07 -5.61649e-07 -9.04815e-07 30.332 30.332 30.332 0 0 0
17.0522 17.0522 17.0522 9.70722e-07 6.23612e-07 7.73553e-07 16.5633 16.5633 16.5633 0 0 0
7.56834 7.56834 7.56834 4.41451e-07 4.08713e-07 4.6841e-07 7.22477 7.22477 7.22477 0 0 0
1.44987 1.44987 1.44987 5.66361e-07 5.58177e-07 5.65638e-07 0.115735 0.115735 0.115735 0 0 0
-2.58808 -2.58808 -2.58808 1.00631e-10 7.6735e-11 2.32844e-10 -4.72473 -4.72473 -4.72473 0 0 0
-5.25734 -5.25734 -5.25734 -1.93922e-07 -1.68458e-07 -2.10481e-07 -8.13827 -8.13827 -8.13827 0 0 0
-7.04441 -7.04441 -7.04441 4.61336e-08 4.80835e-08 8.09374e-08 -10.3266 -10.3266 -10.3266 0 0 0
-8.32823 -8.32823 -8.32823 -1.17665e-07 -9.9633e-08 3.03576e-09 -11.5142 -11.5142 -11.5142 0 0 0
51.0041 51.0041 51.0041 3.64728e-07 2.35378e-07 3.49689e-07 49.1864 49.1864 49.1864 0 0 0
1.72378 1.47854 1.47854 -1.30079e-06 -0.012628 -1.32469e-06 0.254168 0.088088 0.088088 0 -0.021216 0
1.92515 1.49488 1.49488 1.65899e-06 0.0196929 1.41496e-06 0.44182 0.067008 0.067008 0 -0.015915 0
1.72357 1.47849 1.47849 1.87224e-06 -0.0126227 1.80202e-06 0.254986 0.08771 0.08771 0 -0.020245 0
