0.17491 0.142452 0.157566 -0.00330453 -0.0116842 0.000325231 -0.005886 -0.0678915 0.0318386 -0.0027581 -0.0247115 0.00160898
0.204746 0.202121 0.0684308 -0.00422453 -0.044447 0.0333155 0.074537 -0.0118263 -0.109972 -0.00909706 -0.0227683 0.0332206
0.152207 0.152424 0.158161 -0.00197268 -0.00111396 0.00237364 0.0405248 0.0368743 -0.143744 0.00065021 0.00201847 0.00459329
0.131629 0.118957 0.161315 0.00540493 0.0157739 0.00584612 -0.154851 -0.00704934 0.0826174 0.0049966 0.0142307 0.0053465
0.057274 0.125596 0.201818 0.038253 -0.0543336 0.0903783 -0.0204668 -0.15948 0.0789259 -0.0404316 -0.0334976 0.0627022
0.165946 0.158551 0.149402 -0.00174816 -0.0111874 0.0179688 0.076972 0.0745342 -0.136475 -0.00214577 -0.0109502 0.0153471
0.178344 0.235906 0.0691313 -0.0293957 -0.0186762 -0.0411983 0.0437891 0.0605461 -0.129162 -0.0127998 -0.0195822 -0.0323347
0.122947 0.130466 0.197081 -0.00349731 0.00727643 -0.000846748 -0.0244724 -0.0297667 0.0315567 -0.00123599 0.00523646 -0.000735359
0.167736 0.145363 0.148531 -0.00344151 0.0054175 -0.00177553 0.0273802 -0.0758842 0.0041809 -0.0700787 0.002793 -0.000607777
0.180324 0.173152 0.0988971 -0.00442813 0.0181135 0.0307901 0.0471458 -0.0250388 -0.0431706 -0.00537316 0.0171142 0.023074
0.195151 0.153366 0.128998 1.1675e-08 -6.15483e-09 1.23631e-08 0.00328719 -0.0392452 0.0102416 0 0 0
0.256272 0.0846537 0.62976 -4.72738e-07 -0.128612 1.67098e-07 0.0758805 -0.144273 0.443163 0 -0.110355 0
0.169915 0.169918 0.149382 1.3724e-07 -6.15506e-09 2.11274e-08 0.0585058 0.0585058 -0.154452 0 0 0
0.14882 0.149945 0.185683 5.36714e-09 1.92302e-07 3.75957e-08 -0.113409 0.0458567 0.104264 0 0 0
0.118699 0.190475 0.147812 0.0386999 -5.83302e-07 5.29383e-07 0.0311302 -0.03505 0.0183903 -0.0356811 0 0
0.175768 0.175768 0.157508 -7.05477e-09 4.50574e-07 4.43775e-07 0.111627 0.111627 -0.148022 0 0 0
0.169384 0.234633 0.0874221 -0.0324643 5.9546e-07 -4.11162e-07 0.0510748 0.0512169 -0.100673 -0.0122568 0 0
0.136187 0.136185 0.209959 -6.05714e-07 6.50329e-07 -3.35753e-07 -0.0145258 -0.0145258 0.0630393 0 0 0
0.18961 0.157163 0.137321 -1.64222e-07 2.50848e-07 4.21051e-08 0.0454645 -0.0491719 -0.000817798 0 0 0
0.181431 0.16617 0.123372 -1.05715e-07 1.84899e-07 5.21541e-07 0.0471715 -0.0058363 -0.0253703 0 0 0
0.0862127 0.551169 0.232167 0.127186 0.1189 -0.00197242 -0.130741 0.191739 0.0411656 0.112736 0.115884 0.0134
-0.494536 -0.49216 -0.55058 0.24018 -0.266776 0.0479506 -0.960759 -0.984288 -1.00971 0.0709125 -0.0718244 0.0807412
-0.5443 -0.301983 -0.476767 0.210073 -0.115773 -0.120118 -0.94287 -0.915856 -0.993801 0.104879 -0.0407531 0.084055
-0.37836 -0.100211 -0.153572 0.135835 -0.0430477 -0.0500956 -0.850288 -0.827228 -0.88769 0.131204 0.00874063 0.109998
-0.588457 -0.412021 -0.577001 0.242493 -0.194384 -0.0742156 -0.953997 -0.947263 -1.00402 0.0890544 -0.0563687 0.0829412
-0.525968 -0.219128 -0.182332 0.249499 -0.0576376 -0.0325367 -0.836887 -0.799091 -0.791679 0.136411 0.0122256 0.0877787
-0.239422 -0.132931 -0.14826 0.0738006 -0.0566388 -0.0909248 -0.905473 -0.866708 -0.957603 0.124231 -0.0109737 0.092535
-0.202738 -0.0354898 -0.101598 0.0239569 -0.0241412 -0.097368 -0.87756 -0.844969 -0.927384 0.128131 0.000248125 0.102175
-0.37836 -0.100211 -0.153572 0.135835 -0.0430477 -0.0500956 -0.850288 -0.827228 -0.88769 0.131204 0.00874063 0.109998
-0.380659 -0.219307 -0.316956 0.148017 -0.0988498 -0.0744137 -0.927961 -0.889596 -0.980663 0.1173 -0.0249725 0.0867744
-0.52534 -0.245733 -0.172089 0.24319 -0.0557032 -0.0501853 -0.842608 -0.783596 -0.739709 0.129518 0.00826 0.06043
0.826803 0.826803 0.778054 -1.16856e-08 -3.63081e-09 -4.58023e-09 0.589288 0.589288 1.02007 0 0 0
0.116625 0.123475 0.0903098 -0.0271408 0.00150752 0.0204121 0.029362 -0.0389588 -0.0602088 -0.0144999 -0.0031916 0.0416267
9.45012 11.0897 15.1808 -5.70706 -8.77448 9.22477 9.33315 11.158 15.5967 -5.98465 -8.88505 9.19597
2.12777 1.80406 1.75842 -0.0336734 -0.00796376 0.035004 1.90981 1.59292 1.53799 -0.0202503 -0.00787769 0.0338189
0.0502103 -0.0400866 -0.0343354 -0.285288 0.309265 -0.156218 0.02222 -0.35156 -0.010775 -0.220915 0.19438 -0.208225
1.53767 1.99091 1.6202 -0.289945 -0.0254309 -0.120669 1.42429 1.79704 1.44756 -0.268685 -0.00785407 -0.123242
0.0532842 0.104134 0.0557313 -7.79294e-07 0.0284811 -1.1797e-06 -0.305607 -0.0875261 0.048555 0 0.02105 0
0.195151 0.153366 0.128998 1.1675e-08 -6.15483e-09 1.23631e-08 0.00333283 -0.039248 0.0103135 -0 0 0
-0.706014 -0.722152 -0.764754 -0.00854421 -0.0018758 0.00782715 -1.02232 -1.01007 -1.05034 -0.00445824 -0.0052325 0.00529139
3.94039 4.1674 3.7879 2.14847 -2.19837 -1.74665 4.00377 4.47106 3.84846 2.18173 -2.22375 -1.78833
-0.116627 -0.116629 -0.121996 3.28226e-08 4.37076e-08 5.37095e-10 -0.187578 -0.434652 -0.217764 0 0 0
-0.277948 -0.28257 -0.249455 -0.00034524 -0.000756937 -0.000742604 -0.531061 -0.696001 -0.56369 0.0169004 -0.00243808 0.00928269
0.646158 0.728616 1.23704 -0.179477 -0.0525942 -0.0855644 0.382454 0.446843 0.982379 -0.169483 -0.0417023 -0.0796224
1.45838 1.36543 1.49433 0.0524707 0.0837648 0.126067 1.33281 1.27755 1.34159 0.0569879 0.0948529 0.118789
1.08838 0.810116 0.782459 0.00598051 0.00744843 0.00290887 1.16643 0.696867 0.680512 0.00532213 0.0107736 -0.00459194
1.84042 2.06563 2.10269 -0.0168669 -0.161736 -0.100384 1.74425 1.9346 2.29115 -0.0157569 -0.154512 -0.102376
0.133518 0.133518 0.133518 2.05667e-07 -6.79605e-08 -6.72106e-08 0.1502 0.1502 0.1502 -0 0 -0
3.10643 2.94742 1.86357 0.236733 0.108257 0.069198 3.09971 2.90071 2.06804 0.255196 0.0828444 0.073619
-0.528476 -0.488117 -0.434942 -0.0491789 -0.0349925 0.0682805 -0.778498 -0.764997 -0.681272 -0.0498312 -0.0444049 0.0913585
1.52978 1.46115 2.15247 -0.134337 0.010035 -0.057842 1.25692 1.17777 1.89691 -0.126476 0.00910657 -0.0437237
6.02375 6.02848 6.04342 -0.00704368 0.0220597 -0.00442711 5.80784 5.82071 5.83248 -0.0122958 0.0229336 -0.0151531
-0.579375 -0.537663 -0.56681 -0.0162475 -0.0466436 0.0135684 -0.843573 -0.803923 -0.778409 -0.0136428 -0.0317281 0.024226
1.52738 1.36541 1.4167 -0.00416797 0.0495528 0.0778355 1.51682 1.33815 1.39324 -0.0040362 0.0557841 0.0895118
1.90296 2.0122 1.82688 0.0419026 0.00545987 0.220487 1.77441 1.88316 1.7177 0.0348715 0.0214095 0.206374
0.13682 0.17002 0.165081 -0.00114778 0.0531724 -0.00190976 -0.230491 -0.0168583 0.167375 -0.000586667 0.0474128 -0.000450556
-0.303723 -0.210883 -0.254968 0.0401144 -0.0136814 -0.0828474 -0.535316 -0.454898 -0.511573 0.0174649 -0.00823361 -0.0554048
0.452605 0.34035 0.349233 -0.0522779 0.0248593 0.0171381 0.245451 0.142159 0.151208 -0.0420262 0.00765157 0.0263631
-1.01975 -0.964104 -0.703022 -0.0979186 0.0950604 -0.0549773 -1.02361 -0.947505 -0.738039 -0.0951033 0.0645525 -0.0557596
1.22641 1.18683 1.19979 0.0205603 -0.0105787 0.0121777 1.21618 1.16881 1.18868 0.0212128 -0.00957917 0.0130466
-0.392311 -0.379156 -0.401287 0.00265345 0.0586808 -0.0475036 -0.615785 -0.553812 -0.609716 -0.0193657 0.0682748 -0.0409369
0.759702 0.732216 0.655469 -0.332378 0.0300872 -0.00797204 0.505837 0.443585 0.398696 -0.307043 0.0431249 -0.00156324
-0.316501 -0.378905 -0.273007 -0.0555971 0.0329202 -0.0963622 -0.583757 -0.650682 -0.532317 -0.0507484 0.0342067 -0.0876894
0.087357 -0.00522997 0.190863 0.0921729 0.194779 0.195744 -0.138083 -0.148133 -0.0287402 0.0754141 0.151419 0.130893
0.663185 0.662214 1.09852 0.247811 -0.00191659 -0.147062 0.54723 0.459593 0.90897 0.19775 -0.00681562 -0.105057
0.0961955 0.109762 0.0615769 0.00216436 -0.00863939 -0.00637115 -0.108504 -0.0990706 -0.112573 -0.00105065 -0.0179875 0.000302593
1.7292 1.58421 1.83555 -0.199137 0.334565 0.00238578 1.57175 1.47875 1.84414 -0.202562 0.290307 0.0167096
0.0473286 0.315933 0.328715 0.026531 -0.173993 0.00731028 -0.10357 0.0775893 0.12526 0.0269344 -0.158675 0.00897759
1.33251 1.34533 1.33265 -0.00427542 0.00804175 0.00915289 1.33649 1.32403 1.30583 -0.00121935 0.00612935 0.0115976
-0.515894 -0.480171 -0.516573 -0.000650575 0.0394147 -0.038237 -0.771234 -0.767824 -0.770613 -0.00833694 0.0361527 -0.0460186
1.43068 1.40902 1.44234 -0.922111 -0.64357 0.269987 1.34181 1.53422 1.51584 -0.838845 -0.539475 0.233055
1.09459 0.207848 0.663577 1.17428 -0.260731 -0.0241535 1.03004 0.215115 0.36334 0.987525 -0.211875 0.0369
0.169384 0.234633 0.0874221 -0.0324643 5.9546e-07 -4.11162e-07 0.0511593 0.0512596 -0.100671 -0.0122506 0 -0
0.136578 -0.0778006 0.156219 0.123554 0.0502608 -0.154664 -0.187758 -0.145391 -0.0167233 0.123291 0.0955487 -0.092574
0.748937 0.879536 0.93893 -0.105208 -0.182176 -0.203095 0.548294 0.713494 0.993431 -0.127198 -0.193417 -0.232682
0.0197317 -0.0486901 -0.0370424 -0.0794335 -0.141771 -0.132442 -0.242191 -0.208056 -0.279495 -0.0622954 -0.135533 -0.0828728
0.11312 -0.252801 -0.184436 -0.117611 -0.022918 0.0593496 -0.153642 -0.499643 -0.41173 -0.0924162 -0.0158745 0.0836436
0.19538 0.205731 0.290021 -0.000819804 -0.007196 -0.000109686 0.067065 0.067555 0.113647 0.003495 -0.007345 0.0001025
1.36157 1.53737 1.48315 -0.0102172 -0.110637 0.00607799 1.25214 1.39525 1.38784 -0.0247901 -0.104254 0.0214769
0.82543 0.604668 0.745408 -0.243435 -0.0177291 -0.00753103 0.572196 0.333694 0.481559 -0.211281 -0.00859722 -0.00801667
0.158331 0.185832 0.112475 0.0023541 -0.0528028 -0.0114469 -0.0399683 -0.0604661 0.0198094 0.0315017 -0.013745 -0.00402
0.174018 0.174021 0.196779 6.30242e-07 1.13862e-07 -4.05169e-08 0.04295 0.04295 0.0197925 -0 -0 0
-1.10548 -1.10101 -1.10633 -0.00522664 0.00372407 0.00423074 -1.34332 -1.34311 -1.31083 -0.0100475 0.0126392 0.0103431
0.318768 0.307001 0.302331 0.0521518 0.000823674 0.0480325 0.129991 0.0677344 0.0805403 0.0527329 -0.00788694 0.0702633
1.59942 1.59793 1.48596 -3.6311e-08 1.40358e-07 -2.87638e-08 1.56257 1.53303 1.68932 0 0 0
-0.6665 -0.666507 -0.667837 -0.000918906 -0.00130282 0.000360299 -1.02968 -1.02738 -1.03439 -0.00254222 -0.0020663 0.00102056
4.06352 4.12809 4.09211 -0.0075264 0.0160547 -0.00795314 3.97637 4.00957 3.99397 -0.00737759 0.0142713 -0.00969195
0.461927 0.575866 0.465344 -0.152342 -0.086711 -0.118995 0.253522 0.361634 0.22617 -0.143489 -0.0776621 -0.114497
0.150531 0.159926 0.0764673 2.25055e-07 -0.0488174 -8.55763e-07 -0.00192667 -0.079055 -0.0571539 -0 -0.0142678 -0
1.36435 1.46672 1.49393 0.0507778 -0.371842 0.0186238 1.24581 1.38665 1.556 0.0518815 -0.362833 0.0137508
1.19298 1.20905 1.16755 0.00617886 -0.0185991 -0.00594942 1.167 1.18587 1.16078 0.0117756 -0.015017 0.00244019
1.40661 1.4037 1.40408 -0.0035996 -0.0012437 0.000266885 1.36953 1.37938 1.37238 -0.00399019 -0.00359259 -0.00654046
1.89524 1.93948 1.54553 0.0244363 -0.148425 -0.0620069 1.8386 1.84222 1.69081 -0.00690875 -0.157232 -0.04494
-0.216853 -0.216853 -0.168337 1.11095e-11 3.4357e-10 4.52645e-12 -0.568861 -0.568861 -0.0851846 0 0 0
0.00524175 0.0154496 -0.00721485 0.00513418 -0.0138169 -0.00404988 -0.204088 -0.192777 -0.219305 -0.000968889 -0.0165915 0.00419204
0.233359 0.217591 0.166647 0.000814264 0.00132441 0.00287284 0.100666 0.0267126 0.0204408 0.000988333 -5.77222e-05 0.00109294
0.0448907 -0.416046 -0.263805 0.00419268 -0.0243427 -0.0263301 -0.0980467 -0.489882 -0.393827 -0.00382815 -0.00130296 -0.022339
-0.276151 -0.100998 -0.340341 0.135207 0.0101692 -0.0495524 -0.417647 -0.259585 -0.445249 0.130772 0.0257678 -0.0222481
0.113257 0.11115 0.0950791 0.00516036 0.00354442 0.00434091 -0.128739 -0.123741 0.0244204 -0.012242 0.00519698 0.0063649
0.0917505 0.0918952 0.0891287 -0.00165042 -0.00201034 0.000421879 -0.0722697 -0.0779897 -0.0832369 -0.00215454 -0.00470231 0.00187741
8.98513 14.1795 9.29094 7.4552 4.67534 2.70669 8.84766 14.7397 8.85767 7.48458 4.81184 3.2333
-0.881475 -0.834974 -0.865157 0.0104802 0.021777 0.00966358 -1.32234 -1.2726 -1.30057 0.003625 0.0112215 0.0229754
0.133582 0.108479 0.176403 -0.0742395 -0.00815774 -0.0341032 0.0185778 -0.0084926 0.0335983 -0.105797 -0.0115257 -0.0495112
0.0706208 0.0706208 0.0796864 -8.68443e-08 -5.95259e-07 -6.86298e-07 -0.107028 -0.107028 -0.0934037 0 0 0
0.776763 0.671554 0.712801 0.339584 0.076096 0.0280262 0.556462 0.45891 0.472307 0.322184 0.0953185 0.0146794
0.274286 0.236186 0.304709 0.0337384 0.0382196 0.0923202 0.0363229 0.0194579 0.0405961 0.0307287 0.0504147 0.0883743
1.85035 1.92298 1.93365 0.416058 0.0164698 -0.538438 1.83985 1.87336 1.9675 0.411105 0.011875 -0.50517
0.181431 0.16617 0.123373 -1.05322e-07 1.85313e-07 5.22534e-07 0.0472217 -0.005802 -0.0253287 0 0 0
0.102385 0.166022 0.12475 -0.00214913 -0.00632844 -0.00813081 -0.0707972 -0.184331 0.0769772 -0.00567111 0.00163 -0.00568056
0.125992 0.146449 0.166214 -0.00500544 0.0306923 -0.0144814 -0.141456 -0.067915 0.070263 -0.0340635 0.019697 -0.01941
0.178908 0.380847 0.619729 -0.0652799 0.0163946 -0.0760158 0.00759417 0.160698 0.385639 -0.0542028 0.00930231 -0.0759598
2.9241 2.95787 2.9917 0.333285 0.107718 -0.48058 3.01812 2.99458 3.16046 0.315674 0.0994437 -0.474512
1.87294 2.04474 1.56504 0.012303 -0.0122187 -0.231102 1.66867 1.87241 1.3727 0.0174389 -0.000414537 -0.240286
1.7098 1.73202 1.85579 0.31958 0.544256 0.616799 1.53492 1.55979 1.84455 0.255704 0.537369 0.649182
-0.566464 -0.566464 -0.357036 -1.82729e-08 5.52298e-08 5.2139e-08 -0.704566 -0.704566 -0.25459 0 0 0
-0.440266 -0.575167 -0.713176 0.00900995 -0.107082 -0.02915 -0.718321 -0.826788 -0.921163 0.00812009 -0.0863793 -0.0334341
-1.37954 -1.37954 -1.09733 -3.18203e-09 -2.8943e-08 -3.14321e-08 -1.44904 -1.44904 -0.966864 0 0 0
0.144214 -0.124593 0.0983271 -0.164658 0.118001 0.0628338 -0.0463618 -0.224114 -0.214741 -0.129424 0.11364 0.0264958
-0.281886 -0.152192 -0.179453 -0.00778478 -0.00405656 0.00606426 -0.430106 -0.483667 -0.489047 -0.000595648 -0.00863481 0.00762648
0.552855 0.547549 0.517383 -0.11793 -0.212189 -0.283343 0.570515 0.552285 0.406135 -0.149035 -0.09455 -0.221605
-1.14854 -1.13493 -1.13318 0.00721473 0.0197637 0.00339225 -1.33512 -1.35282 -1.35898 0.0192048 0.01246 -0.0165892
1.47735 1.56336 1.34781 0.093174 0.103615 -0.0225626 1.45481 1.51067 1.32415 0.0935884 0.0834264 -0.0255297
0.508305 1.21275 0.621065 0.199534 0.110587 0.0345868 0.239204 0.956514 0.386556 0.2101 0.130337 0.0503016
-0.0138522 -0.0912215 -0.0156612 -0.248334 -0.845057 0.28658 -0.30408 -0.34697 -0.12268 -0.131445 -0.678635 0.268735
2.02879 2.23721 2.14522 -0.769274 -0.861762 0.138725 2.0512 2.57421 1.95241 -0.71723 -0.687745 0.163845
0.14644 0.173233 0.109261 -0.037005 0.0196977 0.0569818 -0.05343 -0.0979875 0.0170317 -0.016875 0.0562325 0.0341846
0.301756 0.192196 0.231888 -0.012553 0.0319459 0.0569042 0.140944 0.00356731 0.052933 -0.00814796 0.0374312 0.0669507
-0.333393 -0.304923 -0.223633 -0.154432 0.280868 -0.263499 -0.631984 -0.595052 -0.314707 -0.193836 0.280418 -0.2406
0.331453 0.322928 0.420928 -0.083517 -0.0692691 0.123221 0.049858 0.0552711 0.157661 -0.0837489 -0.0824199 0.13309
1.56506 1.653 1.52458 -0.00322929 0.11037 -0.0878005 1.55469 1.62148 1.49582 -0.0208844 0.0905708 -0.0843989
0.73136 1.2 0.947025 -0.0767293 0.0972747 -0.0637773 0.493136 0.941791 0.665394 -0.081092 0.0716769 -0.0759367
0.472799 0.66899 0.523876 0.00769603 0.23558 -0.145582 0.345681 0.591357 0.436824 0.0539833 0.167284 -0.154462
0.14882 0.149945 0.185683 5.36714e-09 1.92302e-07 3.75957e-08 -0.113434 0.0458352 0.104113 -0 0 0
-0.820804 -0.803405 -0.820804 5.13833e-10 3.04211e-09 0.00757845 -1.25712 -1.24524 -1.25712 0 0 0.00362034
0.162902 -0.0662575 -0.0193335 -0.200245 0.0117927 0.0538346 -0.060798 -0.172152 -0.268222 -0.167642 -0.00245491 0.0330952
1.06221 1.06221 1.06221 -7.49597e-08 -7.16254e-08 1.00442e-08 1.02689 1.02689 1.02689 -0 -0 0
-0.502045 -0.667492 -0.595531 -0.0540792 0.0074966 0.000786285 -0.758123 -0.92587 -0.854207 -0.0378018 0.0157548 0.0161032
0.0235065 -0.00421009 0.00499339 0.0142248 -0.00678365 0.00939668 -0.172329 -0.213847 -0.200012 0.0174 -0.00237685 0.00352583
1.26074 1.2448 1.23358 0.00277464 -0.00978508 0.00237814 1.24053 1.23525 1.22637 0.0102585 -0.0157779 0.00542907
-0.791638 -0.791638 -0.791638 3.73839e-09 -1.20171e-09 2.01691e-09 -1.22791 -1.22791 -1.22791 0 -0 -0
0.199046 0.204196 0.226902 -0.0032084 0.00416155 -0.00060401 -0.0670257 0.0825 0.151379 -0.00590207 -0.006265 -0.00498397
1.51908 1.47224 1.60545 -0.137637 -0.121645 0.1868 1.30741 1.28635 1.42323 -0.130526 -0.134245 0.186218
3.01977 2.92696 2.92729 -0.0134933 -0.0144103 -0.0107269 3.02699 2.95538 2.93654 -0.00801305 -0.0060912 -0.00981778
-0.121552 -0.504231 -0.310602 0.0441817 0.00172337 0.0612004 -0.311619 -0.724774 -0.529995 0.0633341 -0.0275834 0.0460795
-0.213806 -0.247624 -0.153565 0.00854478 -0.057296 0.164944 -0.440529 -0.489739 -0.384921 -0.010359 -0.0709245 0.150088
6.07607 5.47788 5.45871 -1.68886 2.6836 -0.457558 5.98925 5.58499 5.64355 -1.38571 2.73374 -0.58973
0.170172 0.170172 0.170172 3.8224e-08 3.88589e-08 3.80094e-08 0.0391325 0.0391325 0.0391325 0 0 -0
0.438365 0.559984 0.50687 -0.106932 0.130412 -0.0580835 0.170009 0.300978 0.250454 -0.10714 0.126925 -0.0552254
-0.14336 -0.235307 0.00570557 -0.0529271 0.00548879 -0.0340588 -0.326529 -0.416405 -0.347145 -0.0662215 0.0176252 -0.0232206
-0.531964 -0.550472 -0.480389 -0.0980759 0.00273128 0.109586 -0.900997 -0.93173 -0.539421 -0.116856 -0.00358604 0.105059
1.53845 1.34401 1.50703 -0.0786469 -0.00511083 -0.00186886 1.42236 1.24964 1.44539 -0.0747081 -0.00156167 -0.00732574
0.86835 0.87464 0.847176 -0.134734 -0.018983 0.16667 0.639115 0.624622 0.577014 -0.140003 -0.0234487 0.16491
-0.534818 -0.526739 -0.634205 -0.00357698 0.0285332 0.0500039 -0.835408 -0.888435 -1.01273 0.0217306 0.0175138 0.0502591
0.306704 0.362285 0.292565 -0.000510045 0.0689727 -0.0618903 0.162813 0.187029 0.13836 -0.0128938 0.0571646 -0.0611001
0.0518404 0.041516 0.0367116 -0.000285972 -0.00761531 0.00512981 -0.152824 -0.154284 -0.170187 0.00688556 -0.00806074 0.00173315
0.00663681 0.171721 0.0620979 3.21579e-07 -0.00853664 -1.19442e-06 -0.395113 -0.0220008 -0.0129833 -0 0.0325942 0
-0.432288 -0.40804 -0.336455 0.0301968 0.0560777 -0.122386 -0.854897 -0.829437 -0.359885 0.0712167 0.0477856 -0.111254
-0.77543 -0.732899 -0.724653 -0.00339877 0.0483693 -0.000176467 -1.11693 -1.03585 -0.998183 -0.000347778 0.00997 0.00191065
0.615736 0.73238 0.396878 -0.0170557 0.0065622 -0.159738 0.366576 0.481057 0.13708 -0.00157065 -0.000494352 -0.17375
2.92783 2.99343 3.30619 0.265272 0.098691 -0.188875 3.02599 3.05277 3.4067 0.209833 0.0798425 -0.240863
-0.444663 -0.579952 -0.495547 0.0327431 -0.0161363 0.0107209 -0.727375 -0.836628 -0.779628 0.0325172 -0.00875981 -0.0021663
0.0536142 0.138042 0.00840589 0.00672131 0.0383364 -0.0100255 -0.274043 -0.107502 -0.0274333 0.0041 -0.0424778 -0.00992111
0.32084 0.194423 0.332359 -0.0504605 0.00473993 -0.0219979 0.0916503 -0.0298106 0.134387 -0.0480508 0.00675333 -0.0187581
0.197888 0.113746 0.117018 -0.00394368 -0.000218492 0.00374611 0.037477 -0.0671651 -0.0771947 -0.00728157 0.00104685 -0.00912204
1.5424 1.53681 1.53324 0.0982639 -0.00540644 0.0807926 1.45178 1.37822 1.38643 0.096264 -0.0196698 0.100164
3.38159 2.92729 4.14428 -0.345511 0.227212 -0.562619 3.48881 2.95511 4.28608 -0.346767 0.261256 -0.542986
-1.09106 -1.09106 -0.907584 -1.1089e-08 4.39275e-07 -3.92836e-09 -1.33594 -1.48942 -1.18226 0 -0.0093075 0
0.588253 0.483682 0.583236 0.00892209 -0.162053 0.0265731 0.370005 0.247195 0.358234 0.014385 -0.154404 0.0425075
-0.248139 -0.249268 -0.246757 -0.00652158 0.0089948 -0.0103169 -0.580895 -0.579118 -0.54175 -0.0183735 0.0125319 0.01573
0.433968 0.734876 0.19484 0.0259851 -0.00664197 -0.139617 0.201053 0.453541 -0.0558557 0.0369671 -0.0165927 -0.157918
-1.02617 -1.02955 -1.03797 -1.66073e-08 -0.000212264 3.51877e-09 -1.33419 -1.44007 -1.48181 0 -0.00393069 0
0.152877 0.168126 0.123911 -0.00105891 0.00814939 0.00480762 -0.049276 -0.0986635 0.00558521 -0.00210542 0.0249619 0.00485458
2.26891 2.2415 2.37311 0.0362924 -0.0291017 0.0370102 2.00784 1.97354 2.11906 0.0287736 -0.059637 0.0249674
-0.16489 -0.122581 -0.0975203 0.00901784 0.00268911 0.0400567 -0.218961 -0.447255 -0.402514 0.00709796 0.00628889 0.027639
-0.422922 -0.263473 -0.334682 -0.0144954 -0.0184423 -0.019413 -0.608592 -0.563572 -0.629842 -0.00852083 -0.018556 -0.0136617
-0.233606 -0.104589 0.113865 0.377333 0.175924 0.0667071 -0.288305 -0.140375 -0.361915 0.32242 0.03883 0.016205
-0.328962 -0.399388 -0.315023 -0.0125246 -0.102891 0.0156417 -0.559409 -0.650543 -0.584585 -0.000543333 -0.0908031 0.0274546
0.618844 0.615458 0.434805 0.00393388 -0.00827281 -0.00360787 0.363721 0.418049 0.2469 0.00277028 -0.00156528 -0.00790611
0.258863 0.184445 0.247906 0.0583707 0.0490771 -0.0448649 0.0687419 0.000896481 0.0662954 0.0401569 0.043435 -0.0316104
-0.028356 0.428441 0.419153 -0.134657 -0.29339 -0.00110179 -0.142563 0.239887 0.271175 -0.108226 -0.233014 0.00167565
0.0734646 0.184053 0.202705 -0.0124421 0.00886678 0.0146655 -0.36125 -0.128432 0.319492 -0.01172 0.00944 0.0210475
0.737348 0.610253 0.913256 -0.279357 -0.350645 0.265196 0.576355 0.456998 0.890708 -0.240311 -0.314693 0.246027
-0.651904 -0.643219 -0.672326 0.00164053 -0.00731708 -0.00560266 -1.00586 -1.01244 -1.00718 0.00244 -0.00806509 -0.0103638
0.292665 0.211908 0.415417 -0.0572603 -0.0571736 -0.0951866 0.0602073 -0.039762 0.14188 -0.0694496 -0.0668026 -0.0811034
1.42304 0.468251 1.05448 -0.0200339 0.0679661 0.173183 1.16814 0.204085 0.770906 -0.0166214 0.0344305 0.151768
0.222243 0.227264 0.202677 -0.00317497 -0.00592007 0.005612 0.137969 0.14957 -0.0866379 -0.0042165 -0.00980162 0.0081515
0.147466 0.142429 0.205823 -0.00547514 -0.0538091 0.0618503 0.0949165 -0.0310176 0.0750563 -0.0236766 -0.0506611 0.0635789
0.175768 0.175768 0.157508 -7.05477e-09 4.50574e-07 4.43775e-07 0.111578 0.111578 -0.148064 0 0 0
-0.874187 -0.874187 -0.756717 -6.86854e-10 1.32683e-09 -1.06326e-09 -1.34366 -1.34366 -0.811219 0 0 0
0.764933 0.502593 0.500116 -0.00562091 0.00124097 0.0109705 0.791464 0.352629 0.358257 -0.00699694 -0.00504778 0.00502537
0.716071 0.71607 0.847553 1.66201e-08 -2.58015e-07 -3.07833e-07 0.613773 0.613773 0.751952 0 0 0
0.94974 0.94974 0.94974 -1.46326e-08 -1.38696e-08 -1.37586e-08 0.921713 0.921713 0.921713 0 -0 -0
-0.296939 -0.245791 -0.361333 0.0343087 0.00136438 0.110387 -0.568239 -0.486393 -0.590693 0.0204388 0.0157825 0.0839063
1.77795 2.11982 1.74514 -1.37118 1.18677 -1.60227 1.78352 2.24532 1.60932 -1.29349 1.07992 -1.5522
-0.0575462 -0.0826025 0.0891722 -0.133184 -0.0962489 -0.069669 -0.28845 -0.35348 -0.180061 -0.14194 -0.0992028 -0.0528404
-0.110024 -0.110024 -0.110024 -4.16547e-11 -5.83267e-12 -2.6517e-11 -0.318763 -0.318763 -0.318763 0 -0 0
0.0539916 0.252007 0.13081 -0.0141043 -0.0355553 0.0119738 -0.266018 -0.0294608 0.0631925 -0.0350767 -0.00803333 0.00639
0.349266 0.284882 0.265657 0.0117786 -0.0734746 0.0113747 0.166389 0.0922307 0.100288 0.00273037 -0.0704141 0.0102047
1.22278 1.19354 1.10595 -0.0109698 -0.0193119 0.00917947 1.20023 1.16215 1.0807 0.0108746 -0.00944192 0.0174235
1.7078 1.45358 1.08254 0.0176328 -0.228176 -0.051543 1.59616 1.36598 0.999078 0.0129535 -0.221553 -0.0487842
1.62485 1.79653 1.65137 -0.0383201 0.141126 -0.0507974 1.38966 1.55251 1.44394 -0.0404443 0.13564 -0.0524711
0.172365 0.186967 0.206899 0.0684556 0.0205302 0.0284061 0.0869644 0.0545889 0.0474952 0.0628607 0.015755 0.0363151
-0.056111 -0.139195 -0.139869 0.040831 0.035622 0.00477317 -0.266327 -0.343069 -0.473636 -0.00289815 0.0342817 -0.0165101
0.267398 0.138739 0.256001 -0.0555016 -0.0888881 0.0230858 0.0289984 -0.110999 0.00430306 -0.0429085 -0.0816813 0.0388123
1.68973 1.84234 1.9228 0.0226505 -0.0292386 -0.169609 1.60227 1.74143 1.83469 0.0313898 -0.0513441 -0.159277
0.256265 0.0846557 0.629761 -4.32649e-07 -0.128613 2.13886e-07 0.0758448 -0.144386 0.4432 0 -0.110391 0
0.0429242 0.103505 0.080507 1.7285e-07 -4.03806e-06 1.01148e-06 -0.486334 -0.154203 0.208234 0 0 0
2.39551 2.26178 1.41408 -0.206771 0.00213335 0.0221871 2.32198 2.58365 1.25575 -0.240665 -0.0011437 0.0209229
0.220968 0.220968 0.490177 7.15603e-09 1.12016e-07 1.08468e-07 0.0369987 0.0369987 -0.097255 0 0 0
-0.419071 -0.427352 -0.365866 -0.094728 0.0397499 -0.0281788 -0.724963 -0.810487 -0.645071 -0.0974253 0.0478897 -0.0151031
0.151108 0.145891 0.140092 -0.000496294 0.00696965 -0.00306718 -0.0870819 -0.100562 0.0683351 -0.0163534 0.00837156 0.000189271
0.18059 0.09023 0.282618 -0.0379529 -0.0629244 0.033342 -0.0677419 -0.134574 0.00769065 -0.0357064 -0.0498993 0.0384672
0.451614 0.259614 0.0425011 0.0148767 -0.155441 -0.0393921 0.209441 0.0509057 -0.161323 0.0108094 -0.142968 -0.0396205
0.304611 0.123803 0.664353 -0.016698 -0.128234 0.0228358 0.114729 -0.0901277 0.459623 -0.0150971 -0.112539 0.0208154
0.19903 0.212945 0.230899 -0.000351903 0.0078133 0.0384572 0.062465 0.076985 0.0696625 -0.000315 0.006705 0.0360325
0.219138 0.212424 0.168736 -0.0320259 0.0656181 -0.0550351 0.21602 0.21149 0.175765 -0.06495 0.100135 -0.089275
0.184286 0.708816 0.534219 -0.0122971 0.0255825 -0.100651 0.0830354 0.547317 0.373354 -0.0234279 0.0111555 -0.107965
0.097139 0.12569 0.0533075 -0.0283246 0.0169803 0.03594 -0.108958 -0.128671 -0.0456571 -0.00224542 0.0433583 0.0168083
1.37042 1.36372 1.36371 0.00182913 -0.00255599 0.000649755 1.33241 1.33882 1.32771 0.00241231 -0.00273213 -0.00328583
0.136187 0.136185 0.209959 -6.05714e-07 6.50329e-07 -3.35753e-07 -0.014547 -0.014547 0.0630374 -0 0 -0
-0.782666 -0.782666 -0.782666 1.78697e-09 9.37141e-10 4.18513e-09 -1.17753 -1.17753 -1.17753 0 0 -0
14.2904 12.9542 15.9982 9.64044 -2.34804 -1.1286 15.393 14.8132 17.9788 10.2116 -3.00738 -1.71584
1.87781 1.73486 1.8856 0.0355278 -0.239584 0.0449161 1.73763 1.5832 1.74777 0.0330909 -0.239199 0.061458
2.49013 2.5398 2.64404 0.492229 0.221128 0.382957 2.46762 2.43988 2.67939 0.550265 0.147465 0.4047
2.61642 4.10117 3.45769 0.189311 -0.907933 0.207729 2.73441 4.10392 3.60301 0.170861 -0.901947 0.188596
0.5774 0.194829 -0.00159634 0.0493625 -0.192247 -0.101093 0.315567 -0.0181233 -0.188814 0.0389916 -0.173115 -0.0958152
2.21879 1.48045 1.81533 0.114965 -0.0217798 0.116086 1.99061 1.22884 1.54489 0.111717 -0.033464 0.0954317
1.75465 1.02319 0.953986 0.00176334 0.0429881 0.0483319 1.47655 0.803227 0.684661 -0.0269548 0.0475269 0.0374406
-1.06078 -1.06078 -1.06078 -6.63568e-09 -3.49247e-09 -6.63568e-09 -1.29079 -1.29079 -1.29079 0 0 0
0.0690177 0.104615 0.0996864 1.08526e-06 0.00997971 -2.17388e-07 -0.169188 -0.120992 0.0141505 0 -0.009185 0
0.174414 0.242174 0.179314 0.0471425 -0.0118282 -0.00632592 0.0944374 -0.0131234 0.0623347 -0.0238966 -0.0110226 -0.0101982
0.097328 0.131527 0.115152 0.00572423 -0.0177015 -0.0216242 -0.252268 -0.152128 0.095636 0.0556315 -0.046337 -0.0318315
2.80078 2.57322 3.00458 -0.0423852 0.132689 -0.497579 2.97582 2.66148 3.06378 -0.045805 0.0637062 -0.424005
1.04609 0.828653 1.27833 0.413833 0.141254 0.0498616 0.796009 0.602909 1.00369 0.402186 0.157576 0.0484372
0.234543 0.271541 0.134535 -0.0273034 -0.0110031 -0.00801885 0.10884 0.0844502 -0.0524524 -0.0193381 -0.0100765 -0.00598222
-0.314263 -0.314263 -0.314263 -3.43869e-08 -2.05182e-08 -3.30984e-08 -0.36329 -0.36329 -0.36329 0 -0 0
0.796183 0.661869 0.819895 0.0557746 -0.181107 -0.172516 0.640405 0.630026 0.794224 -0.0121346 -0.19064 -0.160022
0.604928 0.67277 0.542693 0.0360897 0.00717331 0.157954 0.379176 0.480417 0.341285 0.0275732 0.0191238 0.136833
-0.189721 -0.199212 -0.196792 0.00308724 4.58339e-08 -4.84991e-09 -0.480197 -0.455687 -0.408134 0.00830103 0 0
0.207963 0.310765 0.273983 -0.0138441 -0.0707969 0.0116865 -0.00692556 0.0741809 0.0850241 -0.0182254 -0.0624935 0.0227152
0.15205 0.275039 0.391703 -0.00608906 -0.131333 0.055775 0.0722293 0.0553686 0.224032 0.0102738 -0.0857575 0.0454805
-0.0446828 0.451849 0.0771593 -0.0704705 0.0581348 0.170948 -0.297328 0.191818 -0.173305 -0.0622004 0.0653117 0.166719
2.90873 2.6975 1.8571 -0.262418 -0.00229084 -0.0063318 2.99515 2.90332 1.77202 -0.320086 0.00380028 -0.00472991
0.454255 0.55197 0.466467 -0.0209988 0.100508 -0.0465216 0.189931 0.293115 0.211119 -0.0301863 0.0969714 -0.0471003
-0.135476 -0.135476 -0.135476 -1.33037e-09 -8.01533e-09 -8.41195e-10 -0.385968 -0.385968 -0.385968 0 0 0
-0.191996 -0.257907 -0.239765 0.266337 0.0754364 0.0199795 -0.295102 -0.373079 -0.353917 0.234754 0.0914452 -0.00263778
0.70296 0.606567 0.288943 -0.0194417 -0.0563493 -0.0703449 0.491815 0.394433 0.145102 -0.0198272 -0.0730619 -0.0596148
0.101111 0.103707 0.142868 0.000845285 -0.00136392 0.0258209 -0.09157 -0.0884563 -0.011905 0.00777625 -0.002785 0.0247163
1.44462 1.42136 1.57303 0.434061 0.0499083 0.357926 1.34513 1.30961 1.46217 0.441077 0.0587384 0.349042
0.119301 0.511446 0.143833 -0.00136556 0.0594722 0.0559959 -0.171241 0.233502 0.03762 -0.00438813 0.059851 0.0459248
-0.123689 -0.283093 -0.232456 -0.191962 -0.0147931 -0.0244018 -0.334038 -0.499867 -0.42013 -0.160166 -0.00485806 -0.0251557
-0.671621 -0.671195 -0.675881 0.00118045 -0.000169433 -0.000759113 -1.04214 -1.03582 -1.03543 0.000788148 -0.000387963 -0.000827222
-0.535194 -0.472842 -0.451481 0.00124743 0.0202482 -0.0157021 -0.884311 -0.742651 -0.716154 0.000987963 0.0121504 -0.024129
0.208102 0.213602 0.454988 -0.196376 0.0450498 -0.222791 -0.0582587 -0.100866 0.180637 -0.152759 0.0177497 -0.259409
0.865309 0.869489 0.860903 0.0177337 -0.0076695 -0.0065782 0.802866 0.715979 0.703868 0.0116456 0.0040575 -0.00884083
3.48613 3.50694 3.52175 -0.0143274 -0.00587316 0.00256771 3.45723 3.55575 3.5828 -0.0125138 -0.00404537 0.000241944
0.129944 0.153879 0.15485 0.0696185 0.0196275 0.0166218 0.0466012 0.0265109 -0.0028825 0.0581213 0.0143614 0.0297784
2.04443 1.91137 1.9654 0.441014 0.0755301 0.041889 1.78979 1.67413 1.67608 0.424516 0.0904033 0.0404342
-0.0597731 0.0156001 0.0952311 -0.00919164 0.0129377 0.00554676 -0.223678 -0.233832 -0.151934 -0.0286133 -0.000380185 -0.010109
8.16795 8.13692 8.14657 -0.006615 -0.0130275 0.00798403 8.03469 8.00183 8.01389 -0.00680454 -0.0115053 0.0119939
-0.464408 -0.429075 -0.447024 0.0164596 0.00534793 0.0406778 -0.788467 -0.678816 -0.70876 0.0159872 0.0166188 0.0380972
1.70018 1.70018 1.58503 -5.44593e-08 1.30925e-07 -3.68719e-08 1.76467 1.54969 1.84588 0 0 0
1.60936 1.21217 1.36463 -0.163606 0.0356935 -0.0453153 1.502 1.11666 1.28918 -0.136493 0.0344526 -0.0424054
0.0341079 0.0790114 0.0336774 3.99228e-07 0.00257968 -4.48765e-07 -0.300613 -0.211824 0.01956 0 -0.0223795 0
1.46085 1.33799 1.45775 0.107128 0.0689484 -0.0807948 1.43104 1.31295 1.43515 0.0805438 0.0622588 -0.0619265
-0.204416 -0.254391 0.00145986 0.000915542 -0.156259 0.0237408 -0.52676 -0.45715 0.037355 -0.0008525 -0.155514 0.0279996
0.439989 0.778409 0.832691 0.0448236 0.0240506 0.124179 0.284489 0.566508 0.639864 0.0367649 0.0270878 0.125636
0.374444 -0.0314062 0.11645 0.118356 0.0733384 0.116882 0.142872 -0.204931 -0.0773573 0.107794 0.0761743 0.110998
-0.655983 -0.656988 -0.670512 0.0079846 0.00657589 0.00315933 -0.995498 -1.02401 -1.01677 0.0080825 0.00851454 0.00653074
0.671383 0.686205 0.833315 0.00795503 -0.080029 0.242783 0.408204 0.387767 0.565927 -0.00498852 -0.0763969 0.234935
-0.392804 -0.328005 -0.387882 -0.00610152 0.0204819 -0.0162325 -0.649854 -0.636156 -0.650452 -0.00385833 0.0188749 -0.0116158
0.463154 0.28606 0.299031 0.00179518 -0.0125943 -0.00624651 0.29921 0.172 0.173625 0.00283537 -0.000563056 -0.00639852
0.217382 0.204749 0.161991 -0.000978671 0.000530182 0.00372509 0.0393198 -0.00686761 0.0589372 -0.00286217 -0.00121065 0.0011863
0.973247 0.971604 0.971604 0.000184996 -0.000583744 -0.00018502 0.877815 0.896028 0.896028 -0.00377196 -0.00291843 0.00377196
0.421251 0.535789 0.595661 0.00201352 -0.0346077 -0.119212 0.241925 0.334221 0.401695 0.00664565 -0.0436258 -0.114151
1.331 1.35504 1.27613 0.00744304 -0.0165385 -0.00786067 1.31543 1.32763 1.2915 -0.00520713 -0.0187766 -0.00362556
0.869383 0.339491 0.592343 0.0791763 -0.00996009 0.0884531 0.626406 0.0529809 0.306416 0.0841397 -0.0311715 0.0675731
0.249845 0.30869 0.174966 0.054416 0.0689015 -0.0164123 0.0846069 0.111964 0.0208336 0.0599937 0.0458301 -0.0227674
1.10528 1.10528 1.10528 -5.06174e-08 -4.91913e-08 1.50409e-08 1.09711 1.09711 1.09711 0 0 0
-0.310217 -0.197171 -0.0391124 0.038042 -0.0213612 0.148113 -0.632743 -0.624928 -0.324535 0.0230603 -0.00938906 0.131061
1.42748 1.70423 1.34948 -0.0538017 0.423705 -0.652815 1.63525 1.513 1.41862 -0.048945 0.366205 -0.56469
0.0816779 0.077161 0.0782322 0.00114752 -0.00193961 -2.72938e-05 -0.0944499 -0.0934631 -0.0891937 -0.00105611 -0.00076213 0.000888148
-0.412749 -0.260077 -0.367582 -0.0330765 0.106454 0.0962174 -0.671769 -0.478843 -0.589506 -0.032372 0.121095 0.0882532
-0.580779 -0.6043 -0.564465 0.0382363 -0.0110265 0.0273384 -0.925488 -0.854576 -0.83135 0.023884 -0.00592176 0.0220563
-0.47336 -0.317687 -0.454821 -0.109348 -0.0227958 -0.0566567 -0.674703 -0.533352 -0.705428 -0.087458 -0.0144735 -0.0467499
-1.21549 -1.26416 -1.03447 0.090307 -0.00927588 0.1277 -1.2206 -1.13411 -0.957868 0.0659071 0.0182383 0.064805
0.0825306 0.0993988 0.157047 0.00447069 -0.0507751 0.0576409 0.0408618 -0.0794186 0.0327352 -0.0061538 -0.0417464 0.0516798
1.5951 1.49422 1.46093 0.00687291 -0.125272 0.00595489 1.57318 1.46079 1.44736 0.00636639 -0.12104 0.00195296
1.86517 1.9365 2.17204 0.00586784 -0.092934 0.356322 1.65698 1.68639 1.95667 0.0135474 -0.0759025 0.345137
-0.45747 -0.376987 -0.311252 0.305221 -0.223256 -0.481051 -0.443835 -0.745065 -0.50593 0.27038 -0.25329 -0.37877
-0.523568 -0.538409 -0.543047 0.0331529 -0.00436349 0.0322893 -0.756959 -0.80144 -0.783991 0.0200458 0.00102139 0.0466604
0.18059 0.189775 0.25348 0.00226325 -0.00593682 -0.0029717 0.0294333 0.041196 0.0915504 0.0017875 -0.00499738 -0.000434167
1.45613 1.39742 1.29752 -3.06357e-08 1.17668e-07 -8.91568e-11 1.42748 1.32588 1.42493 0 0 0
0.906184 1.67936 1.72551 0.03178 -0.0804958 -0.0859142 0.855298 1.59278 1.69963 0.0438241 -0.0614853 -0.0952863
10.0739 15.4916 14.8186 -6.39094 4.11874 -3.53982 10.3913 15.0232 14.4364 -6.67176 5.04823 -3.83156
1.38805 1.38967 1.38676 -0.000728647 0.00152267 -0.000434268 1.35899 1.35388 1.35194 -0.00217704 -0.0021213 -0.0021012
0.18961 0.157163 0.137321 -1.64222e-07 2.50848e-07 4.21051e-08 0.0457624 -0.048937 -0.000522857 -0 -0 -0
0.116171 0.308599 0.350446 1.16521 0.943192 0.910878 -0.1545 0.17689 0.506205 1.00252 0.857105 0.745955
-0.140804 -0.142351 -0.147496 2.79397e-08 4.41327e-08 -7.99135e-09 -0.309026 -0.41584 -0.277467 0 0 0
0.355214 0.64972 0.406193 -0.18029 -0.0246054 -0.0823987 0.170836 0.409718 0.155108 -0.162184 -0.0119795 -0.0811536
1.02167 1.02167 1.02167 -1.02235e-08 -1.1001e-08 -1.04626e-08 0.975367 0.975367 0.975367 -0 -0 -0
-1.05153 -1.08099 -1.1038 -0.0129013 -0.0102499 0.0261476 -1.48279 -1.49264 -1.4824 -0.0188973 -0.0291242 0.0102612
2.08153 1.81063 2.06821 -0.303402 -0.029454 0.0363689 1.88102 1.56181 1.80399 -0.273675 -0.0117109 0.0163772
-0.665831 -0.665567 -0.666433 -0.00027877 0.000549734 -0.000339288 -1.02931 -1.03071 -1.02647 -1.00926e-05 0.000933981 0.00128167
0.547424 0.473228 0.684048 0.0908633 0.0907769 -0.166205 0.427652 0.362142 0.502195 0.0767621 0.0789806 -0.135234
-0.543459 -0.590734 -0.47042 -0.0442068 -0.0496331 -0.0602038 -0.752563 -0.826133 -0.719836 -0.0516635 -0.0463194 -0.0444057
0.332708 0.372988 0.531237 -0.0051509 0.0329171 -0.0107898 0.102991 0.1454 -0.0071675 -0.00844625 0.0294963 -0.00798
0.14149 0.147629 0.130384 0.0218463 0.0243104 0.0336757 0.071082 -0.0088295 0.0187846 0.0075968 -0.000198 0.0276829
0.534154 0.510026 0.514807 -0.00453297 0.00121968 0.00116285 0.435332 0.421233 0.417336 -0.00487 0.00381917 0.00694296
0.0831506 0.0845091 0.0756419 0.00166743 -0.000187271 -0.00114672 -0.0874334 -0.0916363 -0.0900982 0.00200824 -0.00185657 -0.00301704
2.31324 1.59447 1.7397 -0.00532998 -0.0441203 0.0230781 2.02889 1.3773 1.52052 -0.0237169 -0.0440311 0.00465657
0.118699 0.190475 0.147812 0.0386999 -5.83302e-07 5.29383e-07 0.0312037 -0.0350187 0.0184013 -0.0357039 0 -0
-0.520869 -0.598742 -0.489727 -0.0291004 0.0117723 -0.0346869 -0.793032 -0.873492 -0.741561 -0.0256176 0.0156837 -0.0246758
0.770472 0.56243 0.550296 -0.0101466 -0.0279618 0.0178415 0.521755 0.316502 0.279774 -0.00928472 -0.0282681 0.0148483
-0.546537 -0.58594 -0.555265 0.0301052 0.0348278 -0.0221731 -0.83626 -0.860397 -0.840604 0.0128176 0.0257064 -0.00937546
1.33312 1.33535 1.28785 0.0195768 0.0125225 0.00945131 1.30641 1.32071 1.29064 0.015449 0.0122118 0.00507926
-0.480303 -0.513849 -0.527382 0.0157832 -0.0346906 0.0169254 -0.769576 -0.817989 -0.798418 0.00387481 -0.03242 0.0148074
0.92915 0.94201 1.063 0.00281876 -0.00298353 0.0203174 0.691297 0.665681 0.776747 -0.0048537 -0.0255519 0.00350694
2.85097 2.87964 3.09969 -0.124855 0.218553 -0.212986 2.86988 2.80674 3.09434 -0.163285 0.13635 -0.15911
0.389666 0.638781 0.626522 0.219372 -0.0242029 0.0302983 0.328275 0.452126 0.473555 0.213121 -0.0333351 0.0333144
0.212767 0.215845 0.173863 -0.00345421 0.000589505 0.00360887 0.0705039 0.00674314 0.0295284 -0.0705147 -0.00705629 0.00509486
1.5151 1.5151 1.30793 -1.34754e-08 1.01137e-06 9.49475e-10 1.41512 1.38554 1.53164 0 0.00163875 0
-0.691696 -0.661887 -0.662832 -0.0318356 0.000865876 0.00738928 -1.07787 -0.929377 -0.95128 -0.0457488 0.00479426 0.00628037
-0.676702 -0.535929 -0.531913 0.0662467 -0.0495695 0.0604134 -0.954616 -0.922328 -0.716318 -0.0181965 -0.0206356 0.0184233
8.30009 15.7811 5.98803 8.51715 -6.46558 -4.28314 8.05822 16.0234 6.01601 8.73374 -6.70486 -4.34986
-0.683535 -0.687952 -0.690547 -0.000303061 -0.00580829 0.00355527 -1.05021 -1.02516 -1.0404 -0.00105556 -0.0062062 0.00486454
-0.617572 0.169661 -0.0609546 0.564832 0.792016 0.595515 -0.729605 0.06813 -0.38271 0.39753 0.75492 0.55927
-0.415507 -0.499409 -0.476434 -0.0302688 0.0236996 0.00179349 -0.676679 -0.752662 -0.749972 -0.022033 0.0101729 0.0111108
-0.330437 -0.330437 -0.330436 -5.70215e-09 1.37678e-08 1.26036e-08 -0.448616 -0.448616 -0.448616 -0 0 0
0.577001 0.567982 0.570943 3.69258e-05 -0.00809806 -0.000123874 0.527757 0.449075 0.380462 0.00808654 0.0121081 -0.00457
0.0957056 0.095706 0.107944 2.63762e-07 3.02703e-07 -4.03663e-08 -0.16597 -0.16597 0.0239556 -0 0 0
-0.577938 -0.549138 -0.475261 0.0948582 0.0410342 0.0952082 -0.888156 -0.812017 -0.782244 0.0693653 0.00494259 0.064248
3.50791 3.57502 3.45591 -0.299352 0.110147 0.0211132 3.5235 3.6002 3.37572 -0.25065 0.10705 0.042815
1.67209 1.95399 1.70852 -0.0131092 0.188889 0.162947 1.48777 1.77572 1.533 -0.0128767 0.175888 0.163648
0.169914 0.169916 0.149377 1.54566e-07 -2.81596e-08 -2.91969e-08 0.0584687 0.0584687 -0.154497 0 -0 -0
0.212233 0.348382 0.479003 0.116514 0.0201268 -0.0395576 -0.0437225 -0.036521 0.476133 0.137751 0.0110271 -0.0280237
10.6267 10.6291 10.607 -0.00522173 -0.0123049 -0.00890036 10.7998 10.81 10.7563 -0.0075287 -0.0117378 0.00175593
1.18952 1.66335 1.60543 -0.109905 0.513221 -0.113837 0.998554 1.60663 1.53961 -0.0977866 0.513012 -0.165425
2.56064 2.53557 2.53298 -0.00153409 0.0208923 0.00806619 2.53738 2.52728 2.51403 -0.00289537 0.027571 0.00594102
0.158503 -0.0246389 0.3111 -0.0104979 -0.140238 -0.0732282 -0.103408 -0.153851 0.185176 -0.0118942 -0.116612 -0.0420417
-0.712038 -0.706272 -0.716825 0.00288847 -0.0115355 -0.00111428 -1.06475 -1.06889 -1.0695 0.00115278 -0.0127408 -0.00353139
-0.705141 -0.491131 -0.418732 0.0127647 0.044852 0.0155081 -0.935509 -0.858236 -0.579271 -0.00308167 0.0187119 0.0193531
0.139333 0.13543 0.0943415 2.08872e-07 0.00583571 -3.7102e-07 -0.067191 -0.131497 -0.00685292 -0 0.0289075 0
5.00352 7.30541 6.14463 1.00292 -0.884519 -0.370756 4.87392 6.81781 6.42964 1.22967 -0.862635 -0.451725
0.089651 0.0608241 0.133457 -0.079821 0.00563579 -0.0412944 -0.0222595 -0.0445211 -0.0137837 -0.118744 -0.0026989 -0.0571178
-0.136973 -0.160615 -0.233531 -0.042315 0.0352043 -0.000436158 -0.349844 -0.374872 -0.589697 -0.0825494 0.0135888 -0.0173531
1.65363 1.76341 1.26234 -0.0953206 -0.0040414 -0.00196592 1.54173 2.05394 1.12219 -0.137612 -0.00591593 0.00165352
3.33783 3.74375 4.20322 0.0224461 -0.219654 0.476784 3.49746 3.79766 4.19977 -0.00398 -0.1728 0.408637
0.582699 0.84367 0.601378 0.154785 0.0383311 -0.027232 0.331733 0.577635 0.36409 0.168493 0.0489087 -0.0051125
0.0926717 0.0930488 0.0913395 -0.00065955 0.000834564 -0.000116483 -0.0731126 -0.0794856 -0.0745285 0.00297324 -0.000430556 0.000694537
0.740106 0.749004 0.881121 -0.0810473 0.0315391 0.221838 0.73771 0.721428 0.732519 -0.0883427 0.0377589 0.205422
0.131747 0.124653 0.216278 0.00291141 -0.00660241 -0.0107877 -0.143493 -0.149379 0.17989 0.00658222 -0.0100467 -0.0110911
1.41095 1.09201 1.12483 -0.0113438 -0.00519966 -0.00205115 1.58404 0.96262 0.983171 -0.0139287 0.0011562 0.0026887
-0.994414 -0.994413 -0.994414 -3.1046e-09 2.20647e-08 3.41998e-10 -1.33598 -1.31549 -1.31101 0 0 0
-0.41456 -0.332297 -0.297795 -0.00810746 -0.0263137 -0.0869286 -0.67559 -0.622046 -0.572046 -0.00716972 -0.0392824 -0.0773022
9.16291 9.37005 8.3379 0.525528 0.0422008 -1.44754 8.60341 8.51371 7.69641 0.52814 -0.0029 -1.32668
-0.26111 -0.191453 -0.164978 -0.0437447 -0.127932 0.096538 -0.533393 -0.482894 -0.423996 -0.0472518 -0.145677 0.111371
1.6977 1.55029 1.57716 -0.0867784 0.0258164 0.0400248 1.61127 1.4793 1.49607 -0.0731324 0.0059987 0.0464797
0.161185 0.176588 0.124168 -0.0230397 0.00584683 0.0332322 0.0706499 0.0053316 -0.0294002 -0.0128489 0.0014533 0.0455814
-0.537182 -0.553254 -0.520292 0.0132943 0.00640919 0.069021 -0.820834 -0.814356 -0.818524 0.0171833 0.0180819 0.0664321
0.512961 0.338821 0.433538 -0.0995624 -0.021646 0.222864 0.27857 0.0200092 0.33326 -0.0850567 -0.0103875 0.219893
-0.365329 -0.365329 -0.36373 -0.000323284 1.18013e-08 1.50427e-08 -0.523421 -0.521885 -0.511328 0.0180424 0 0
1.70747 2.09502 1.86303 0.172 0.0818513 0.0249233 1.43533 1.79536 1.55901 0.206376 0.0807694 0.0199822
-0.5051 -0.581821 -0.550637 -0.0148115 0.0181276 0.0431134 -0.784502 -0.876544 -0.829722 -0.0105333 0.0202315 0.0445413
0.357215 0.103782 0.207791 -0.0943192 0.0184614 -0.0141526 0.145534 -0.109385 0.000221481 -0.0792095 0.0242527 -0.00590676
1.42118 1.31418 1.6329 -0.0852052 -0.083013 -0.148619 1.28714 1.16354 1.43868 -0.0910625 -0.0847099 -0.130085
-0.304537 -0.217495 -0.449579 -0.0425069 0.0109917 -0.0997853 -0.517461 -0.473147 -0.691838 -0.0119579 -0.00278148 -0.12113
-1.0757 -1.0757 -1.0757 -2.42495e-09 1.01918e-09 -5.97452e-10 -1.27548 -1.27548 -1.27548 0 -0 0
-1.00223 -1.00469 -1.00469 -2.88335e-09 2.39033e-08 -9.40373e-10 -1.36459 -1.35005 -1.35225 0 0 0
-0.703221 -0.718393 -0.711968 0.0102396 -0.00456779 0.00682434 -1.06392 -1.07374 -1.07647 0.00923398 -0.00381593 0.0101427
-0.183753 -0.181673 -0.181673 -0.00203646 -0.000121046 -0.00203646 -0.427768 -0.483257 -0.483257 0.00722103 0.0159524 0.00722103
1.3725 1.37319 1.35938 0.00247553 -0.000578861 -0.00101602 1.3445 1.33159 1.3312 0.000839167 0.000350463 -0.00549556
0.420959 0.335089 0.836895 -0.084481 0.00304836 -0.0345752 0.156085 0.0746725 0.599971 -0.0757006 0.0180162 -0.030862
-0.547684 -0.504327 -0.58884 0.0339749 0.0435679 -0.0114877 -0.826614 -0.815254 -0.845223 0.0351634 0.0229697 -0.017696
-0.659094 -0.659918 -0.659453 -0.00179577 -0.000656343 -5.00131e-06 -1.02539 -1.01905 -1.01941 -0.0028963 -0.000488704 0.000101852
0.450163 0.66902 0.507139 -0.0243941 0.147889 0.132237 0.192724 0.432987 0.266106 -0.0258398 0.148666 0.121397
0.0918351 0.0913387 0.0662969 0.0130929 0.0113893 0.00533942 -0.108597 -0.0984521 -0.117346 0.016152 0.0127269 0.00635648
-0.673091 -0.675652 -0.675023 0.00056225 -0.00107433 4.35897e-05 -1.03634 -1.04204 -1.04297 -0.000155556 -0.00156333 -0.00013537
0.103064 0.101433 0.102171 -0.00281901 -0.00126693 7.61965e-05 -0.058797 -0.0663457 -0.0638028 -0.00413296 -0.000540741 0.00337861
-0.405308 -0.409691 -0.409583 0.000693436 0.00169806 -0.00130901 -0.636718 -0.588243 -0.605325 0.000632083 -0.0128208 -0.0119883
0.0741735 0.169134 0.0435344 0.0024792 0.0155256 -0.0125776 -0.234621 -0.09743 0.002455 0.00238333 -0.0492622 -0.0147267
0.791927 0.791927 0.791927 0.000172424 -0.000172439 -0.000172445 0.733856 0.733856 0.733856 0.0108559 -0.0108559 -0.0108559
-0.208924 -0.330816 -0.3029 0.00362441 -0.0373066 -0.000131705 -0.423795 -0.544856 -0.5659 -0.00172843 -0.0378945 0.00365204
-0.398946 -0.499463 -0.140931 -0.036693 -0.00145858 -0.0183471 -0.576435 -0.655819 -0.288039 -0.039777 0.0233252 -0.0217991
-0.421428 -0.399479 -0.483363 -0.0561983 -0.294942 -0.0771404 -0.491542 -0.649919 -0.764697 -0.0223038 -0.225669 -0.0584344
0.731158 0.663558 0.803425 0.0478551 -0.0169604 0.182201 0.470118 0.371494 0.541959 0.0326715 -0.0155863 0.176273
-0.552271 -0.531123 -0.512931 -0.0300212 0.080721 -0.00761898 -0.869719 -0.829441 -0.804785 -0.0202203 0.0697061 0.0214355
1.04097 0.449001 0.606318 0.00241621 -0.0287813 -0.0051163 0.771119 0.259978 0.376414 -0.0113727 -0.0192506 -0.0130752
0.183786 0.182363 0.20368 -0.00392262 0.00706471 0.00342321 0.052885 0.0622296 -0.0628321 -0.00382417 0.0128208 0.00335917
-0.14175 -0.0471167 -0.0401625 -0.108739 -0.0533524 -0.105198 -0.526976 -0.361502 -0.0575325 -0.137574 -0.031434 -0.0866098
1.38746 1.38806 1.38268 -0.00178047 -0.00279854 0.000678288 1.35939 1.34776 1.35622 -0.00283509 -0.00308639 8.03704e-05
0.0429069 0.253509 0.406574 0.0661615 0.0224299 0.12718 -0.133787 -0.0177473 0.164201 0.0604601 0.0108806 0.132068
0.0814422 0.104021 0.0785651 3.59725e-07 -0.00480113 2.16761e-07 -0.0903811 -0.267233 0.0494933 0 0.00246111 0
0.177954 0.214323 0.17807 0.0127947 0.0117457 0.0313874 0.104211 0.057482 0.0559802 -0.0033756 -0.0019078 0.02626
0.357679 0.357679 0.357679 4.87292e-10 -1.53757e-09 6.18375e-10 0.210359 0.210359 0.210359 0 -0 0
0.205813 0.205813 0.205813 -3.23012e-08 -1.78102e-08 -1.79811e-08 0.0637842 0.0637842 0.0637842 -0 -0 0
0.0994313 0.0994327 0.223188 -6.23767e-07 -3.3133e-07 -6.70381e-07 -0.06803 -0.06803 -0.01923 -0 0 -0
0.0792553 0.0792632 0.19049 -1.86788e-07 1.61172e-07 -9.83771e-07 -0.062585 -0.062585 0.06617 0 0 0
0.0618913 0.0618914 0.188528 0.000516231 -5.46376e-09 -2.98023e-09 0.0232267 0.0232267 -0.0168223 0.000538667 0 0
0.0599335 0.0698131 0.120575 0.00106662 -1.05e-08 -2.90413e-08 -0.05864 -0.032585 -0.012235 -2e-05 0 0
0.0104155 0.130273 0.205383 -0.000301746 0.000800603 -7.90038e-08 0.0873525 -0.008205 -0.092635 -0.084135 0.00079 -2.25e-05
0.0901349 0.0901349 0.0901349 -0.00181631 -0.00181632 -0.00181638 -0.00714862 -0.00714862 -0.00714862 -0.00211552 -0.00211552 -0.00211552
0.166829 0.166829 0.166829 1.13628e-09 -5.92761e-10 -1.08509e-09 -0.0144 -0.0144 -0.0144 -0 0 0
0.039307 0.0393071 0.0393071 -5.55371e-07 -5.35562e-07 -5.54795e-07 0.03572 0.03572 0.03572 0 0 -0
0.165789 0.165789 0.165789 3.17871e-09 -2.43018e-09 -4.07858e-09 -0.0157 -0.0157 -0.0157 0 -0 0
0.0387302 0.03873 0.0387302 -2.65814e-07 2.4475e-07 -2.64108e-07 0.03503 0.03503 0.03503 0 0 -0
0.0892074 0.0892075 0.0892075 -0.00181208 0.00181207 0.00181212 -0.00820103 -0.00820103 -0.00820103 -0.00211379 0.00211379 0.00211379
0.110004 0.110004 0.110004 2.38443e-08 4.20744e-08 2.91029e-08 -0.00346875 -0.00346875 -0.00346875 -0 0 0
0.0794502 0.630923 0.0478164 -4.52573e-10 -0.000854334 -2.05862e-08 -0.013565 -0.0131 0.0286725 0 -0.0008525 0
0.20771 0.207709 0.0812067 -3.31674e-07 -5.53992e-07 5.98718e-07 0.10387 0.10387 -0.23437 0 -0 0
0.0797736 0.0791262 0.177507 -0.000560752 -1.70655e-07 -1.19743e-07 -0.100042 -0.101122 0.04442 -0.000935 0 0
0.039307 0.0393071 0.0393071 -5.55371e-07 -5.35562e-07 -5.54795e-07 0.03572 0.03572 0.03572 0 0 -0
0.11964 0.11948 0.0634918 -0.000136924 7.78725e-07 -1.3682e-06 -0.0145525 -0.0140675 0.0350312 0.00042 5.83333e-06 -1e-05
0.0671124 0.0671139 0.183584 4.58497e-09 1.06429e-06 9.16995e-09 -0.0235069 -0.0235069 0.0725785 0 0 0
0.176487 0.176487 0.126468 1.08843e-07 4.45028e-07 4.46784e-07 -0.00075 -0.00075 -0.03756 -0 0 0
0.0872599 0.0884624 0.114227 0.00104181 4.16189e-08 1.75939e-07 -0.034485 -0.0338 0.01257 0.000595 0 0
-0.134322 -0.14376 -0.476869 -0.00817161 1.61074e-08 3.66359e-08 -0.0171475 -0.026675 0.02949 -0.00825 -0 0
0.110546 0.110546 0.110546 -2.98023e-07 -2.78155e-07 -3.27826e-07 0.029715 0.029715 0.029715 -0 -0 -0
0.187802 0.187802 0.151363 -2.27314e-07 1.20708e-07 1.2072e-07 -0.00828 -0.00828 0.01499 0 0 0
0.11174 0.111735 0.111736 6.11488e-07 9.68575e-07 7.3408e-07 -0.00127 -0.00127 -0.00127 -0 0 0
0.0801264 0.0782821 0.0979775 -0.00159843 3.38317e-06 -5.81207e-06 -0.0111108 -0.0112408 -0.0248133 -0.0001125 3.33333e-05 -5.75e-05
0.087158 0.0871364 0.408345 -1.73908e-05 2.00471e-05 -3.45698e-05 -0.03289 -0.0328167 0.138297 6.33333e-05 8.33333e-05 -0.000143333
0.248636 0.248636 0.248636 -1.4032e-05 1.36304e-05 -1.32693e-05 -0.00741 -0.00741 -0.00741 -0 -0 0
0.113255 0.113255 0.113255 0.00011723 0.000117199 0.000117186 0.012192 0.012192 0.012192 0.0001035 0.0001035 0.0001035
0.0634042 0.0651078 0.159055 1.27609e-07 -0.000109846 4.58403e-08 0.03586 -0.06562 -0.04154 0 0.05397 0
0.170474 0.170473 0.170473 1.94141e-07 3.65088e-07 -1.33202e-08 -0.0186399 -0.0186399 -0.0186399 3.79314e-18 2.15789e-18 2.68004e-18
0.170474 0.170473 0.170473 1.94141e-07 3.65088e-07 -1.33202e-08 -0.0186399 -0.0186399 -0.0186399 3.79314e-18 2.15789e-18 2.68004e-18
0.0105285 0.0105301 0.0105294 -2.72369e-07 -1.44429e-07 -6.98119e-08 -0.00666727 -0.00666727 -0.00666727 -3.81257e-19 7.48464e-19 -5.70809e-19
-5.36536 -5.36536 -5.07587 1.71555e-07 -2.08298e-07 -2.16722e-07 -1.9574 -1.9574 -2.02941 0 0 0
0 -1.45426 -1.45422 0 3.25849e-05 0 -1.69683 -1.81742 -1.81742 0 -2.78033e-06 0
0.436429 0.0985999 0.0735753 0.298225 -0.0223715 0.279651 0.243446 -0.00667765 -0.071108 0.223371 -0.0115119 0.281716
-0.164838 0.609845 0.0727609 -0.224494 0.0901909 -0.174929 -0.314067 0.446798 -0.0901164 -0.239974 0.00911266 -0.109318
-0.190726 0.395329 -0.0230073 -0.0959354 0.122384 -0.0383007 -0.285084 0.120197 -0.185305 0.0127828 0.0858436 0.00728274
-0.0699018 0.502698 0.188814 -0.187029 0.0768802 -0.31793 -0.229938 0.292603 0.0242789 -0.153475 0.0306113 -0.25853
0.530441 0.518097 -0.0104548 -0.016782 -0.0446037 -0.0470755 0.372599 0.268924 -0.196341 -0.023049 -0.052356 -0.0787444
0.119325 0.144689 0.173665 0.179025 0.0764011 0.149339 -0.0036302 -0.0160786 -0.050193 0.20414 0.0440579 0.156421
-0.0902172 0.559602 0.299646 -0.0943856 0.168211 -0.039357 -0.233072 0.325734 0.0735959 -0.0612164 0.200093 -0.00135104
0.0636064 0.3517 0.069796 -0.0190189 0.0310555 -0.056141 -0.178295 0.129492 -0.198489 0.0367146 0.0218362 -0.0354297
0.16227 0.156586 0.16227 1.61136e-08 2.98726e-10 0.00102803 -0.00455618 0.0133541 -0.00455618 0 0 0.0157915
0.163849 0.163505 0.163849 -7.96017e-09 -3.98887e-09 -1.17733e-08 0.0060904 -0.00538478 0.0060904 0 0 0
0.161919 0.164683 0.161919 0.000566857 0.000566834 0.000237032 -0.000543018 -0.00126339 -0.000543018 0.00212708 0.00212708 -0.00433204
0.163573 0.163573 0.159 0.00193248 5.27164e-09 6.58955e-09 -0.000830948 -0.000830948 0.000674134 -0.00341922 0 0
0.161164 0.163021 0.162998 8.92664e-09 6.13056e-08 -2.73554e-08 -0.00270441 0.024808 -0.0179304 0 0 0
2.53855 2.53855 2.53855 -6.79888e-08 -4.58428e-08 -7.38525e-08 2.47575 2.47575 2.47575 0 0 0
1.50776 1.50776 1.50776 8.58314e-08 5.51399e-08 6.83977e-08 1.46453 1.46453 1.46453 0 0 0
0.723427 0.723427 0.723427 4.21966e-08 3.90672e-08 4.47734e-08 0.690587 0.690587 0.690587 0 0 0
0.149523 0.149523 0.149523 5.84081e-08 5.75641e-08 5.83336e-08 0.0119356 0.0119356 0.0119356 0 0 0
-0.287428 -0.287428 -0.287428 1.11759e-11 8.52207e-12 2.58593e-11 -0.524721 -0.524721 -0.524721 0 0 0
-0.627645 -0.627645 -0.627645 -2.31513e-08 -2.01113e-08 -2.51281e-08 -0.971584 -0.971584 -0.971584 0 0 0
-0.902506 -0.902506 -0.902506 5.91049e-09 6.1603e-09 1.03694e-08 -1.32301 -1.32301 -1.32301 0 0 0
-1.14317 -1.14317 -1.14317 -1.61513e-08 -1.36761e-08 4.16703e-10 -1.58049 -1.58049 -1.58049 0 0 0
3.83454 3.83454 3.83454 2.74206e-08 1.76959e-08 2.629e-08 3.69788 3.69788 3.69788 0 0 0
0.178852 0.153407 0.153407 -1.34963e-07 -0.00131023 -1.37444e-07 0.0263713 0.0091396 0.0091396 0 -0.00220127 0
0.199745 0.155102 0.155102 1.72129e-07 0.00204325 1.4681e-07 0.0458412 0.00695244 0.00695244 0 -0.00165127 0
0.178829 0.153401 0.153401 1.94255e-07 -0.00130967 1.8697e-07 0.0264562 0.00910039 0.00910039 0 -0.00210053 0
